[+] Containers:
 |- [+] Container: /Game/Bomberman/Maps/Map0
 |   |- [+] ActorDescs:
 |   |   |- Guid:15BABD0841AB00E1DCCAD8801EF93262 BaseClass: NativeClass:/Script/Engine.StaticMeshActor Name:StaticMeshActor_43 Label:SM_Cube6 SpatiallyLoaded:1 Bounds:IsValid=true, Min=(X=2900.000 Y=100.000 Z=0.000), Max=(X=3000.000 Y=3400.000 Z=400.000) RuntimeGrid:None EditorOnly:0 RuntimeOnly:0 HLODRelevant:1 FolderPath:Playground FolderGuid:8CD33C9A4E75AD59B95486AC740693D6
 |   |   |- Guid:1CA5A22E42DE4BB5FC9C23BAEDFC7B6B BaseClass:/Game/Bomberman/Blueprints/BP_BaseWall.BP_BaseWall_C NativeClass:/Script/Bomberman.Wall Name:BP_BaseWall_C_UAID_1C1B0D9DF559B37A01_1201007501 Label:BP_BaseWall7 SpatiallyLoaded:1 Bounds:IsValid=true, Min=(X=2120.000 Y=1283.427 Z=0.000), Max=(X=2320.000 Y=1516.573 Z=260.000) RuntimeGrid:None EditorOnly:0 RuntimeOnly:0 HLODRelevant:0
 |   |   |- Guid:1F64B98547AAAB556CC50DA27F8137A7 BaseClass:/Game/Bomberman/Blueprints/BP_BaseWall.BP_BaseWall_C NativeClass:/Script/Bomberman.Wall Name:BP_BaseWall_C_UAID_1C1B0D9DF559B37A01_1213065504 Label:BP_BaseWall10 SpatiallyLoaded:1 Bounds:IsValid=true, Min=(X=2120.000 Y=1593.427 Z=0.000), Max=(X=2320.000 Y=1826.573 Z=260.000) RuntimeGrid:None EditorOnly:0 RuntimeOnly:0 HLODRelevant:0
 |   |   |- Guid:2E0D617B4F93AE6B814F51ADCE2F4B69 BaseClass:/Game/Bomberman/Blueprints/BP_BaseWall.BP_BaseWall_C NativeClass:/Script/Bomberman.Wall Name:BP_BaseWall_C_UAID_1C1B0D9DF559B37A01_1207863502 Label:BP_BaseWall8 SpatiallyLoaded:1 Bounds:IsValid=true, Min=(X=2120.000 Y=1433.427 Z=0.000), Max=(X=2320.000 Y=1666.573 Z=260.000) RuntimeGrid:None EditorOnly:0 RuntimeOnly:0 HLODRelevant:0
 |   |   |- Guid:2FBA2337438F423DE32A1BB7C358DA3A BaseClass: NativeClass:/Script/Engine.StaticMeshActor Name:StaticMeshActor_42 Label:SM_Cube5 SpatiallyLoaded:1 Bounds:IsValid=true, Min=(X=2020.000 Y=100.000 Z=0.000), Max=(X=2120.000 Y=3400.000 Z=400.000) RuntimeGrid:None EditorOnly:0 RuntimeOnly:0 HLODRelevant:1 FolderPath:Playground FolderGuid:8CD33C9A4E75AD59B95486AC740693D6
 |   |   |- Guid:3E9740F04BA043D38B46CD9E619D889C BaseClass:/Game/Bomberman/Blueprints/BP_BaseWall.BP_BaseWall_C NativeClass:/Script/Bomberman.Wall Name:BP_BaseWall_C_UAID_1C1B0D9DF559B37A01_1173958496 Label:BP_BaseWall2 SpatiallyLoaded:1 Bounds:IsValid=true, Min=(X=2120.000 Y=533.427 Z=0.000), Max=(X=2320.000 Y=766.573 Z=260.000) RuntimeGrid:None EditorOnly:0 RuntimeOnly:0 HLODRelevant:0
 |   |   |- Guid:3EC17C38430B5A6B940A04A19B7F09D7 BaseClass:/Game/Bomberman/Blueprints/BP_BaseWall.BP_BaseWall_C NativeClass:/Script/Bomberman.Wall Name:BP_BaseWall_C_UAID_1C1B0D9DF559B27A01_2011622319 Label:BP_BaseWall SpatiallyLoaded:1 Bounds:IsValid=true, Min=(X=2120.000 Y=3183.427 Z=0.000), Max=(X=2320.000 Y=3416.573 Z=260.000) RuntimeGrid:None EditorOnly:0 RuntimeOnly:0 HLODRelevant:0
 |   |   |- Guid:45BFD66B434AD91281B4F49AABBB57EB BaseClass: NativeClass:/Script/Engine.SkyLight Name:SkyLight_0 Label:SkyLight SpatiallyLoaded:0 Bounds:IsValid=true, Min=(X=1540.000 Y=1660.000 Z=960.000), Max=(X=1540.000 Y=1660.000 Z=960.000) RuntimeGrid:None EditorOnly:0 RuntimeOnly:0 HLODRelevant:0 FolderPath:Lighting FolderGuid:08A10B054C95868C663DE39EE4343813
 |   |   |- Guid:45FB1E6C49994D4B40E12B848906912E BaseClass:/Game/Bomberman/Blueprints/BP_BaseWall.BP_BaseWall_C NativeClass:/Script/Bomberman.Wall Name:BP_BaseWall_C_UAID_1C1B0D9DF559B37A01_1193252499 Label:BP_BaseWall5 SpatiallyLoaded:1 Bounds:IsValid=true, Min=(X=2120.000 Y=983.427 Z=0.000), Max=(X=2320.000 Y=1216.573 Z=260.000) RuntimeGrid:None EditorOnly:0 RuntimeOnly:0 HLODRelevant:0
 |   |   |- Guid:54B2E2A24DCE62584CCAB387C1AE7001 BaseClass:/Game/Bomberman/Blueprints/BP_BaseWall.BP_BaseWall_C NativeClass:/Script/Bomberman.Wall Name:BP_BaseWall_C_UAID_1C1B0D9DF559B37A01_1294391506 Label:BP_BaseWall12 SpatiallyLoaded:1 Bounds:IsValid=true, Min=(X=2120.000 Y=233.427 Z=0.000), Max=(X=2320.000 Y=466.573 Z=260.000) RuntimeGrid:None EditorOnly:0 RuntimeOnly:0 HLODRelevant:0
 |   |   |- Guid:5B2D333B49237182793D9A87408D275F BaseClass:/Game/Bomberman/Blueprints/BP_BaseWall.BP_BaseWall_C NativeClass:/Script/Bomberman.Wall Name:BP_BaseWall_C_UAID_1C1B0D9DF559B37A01_1190780498 Label:BP_BaseWall4 SpatiallyLoaded:1 Bounds:IsValid=true, Min=(X=2120.000 Y=833.427 Z=0.000), Max=(X=2320.000 Y=1066.573 Z=260.000) RuntimeGrid:None EditorOnly:0 RuntimeOnly:0 HLODRelevant:0
 |   |   |- Guid:6B17786249C2E6554773CA9B473034BE BaseClass:/Game/Bomberman/Blueprints/BP_BaseWall.BP_BaseWall_C NativeClass:/Script/Bomberman.Wall Name:BP_BaseWall_C_UAID_1C1B0D9DF559B37A01_1298743507 Label:BP_BaseWall13 SpatiallyLoaded:1 Bounds:IsValid=true, Min=(X=2120.000 Y=83.427 Z=0.000), Max=(X=2320.000 Y=316.573 Z=260.000) RuntimeGrid:None EditorOnly:0 RuntimeOnly:0 HLODRelevant:0
 |   |   |- Guid:6D0E5FE64F23BED805FD15A864812D0C BaseClass: NativeClass:/Script/Engine.StaticMeshActor Name:StaticMeshActor_37 Label:SM_Cube3 SpatiallyLoaded:1 Bounds:IsValid=true, Min=(X=0.000 Y=3400.000 Z=0.000), Max=(X=3000.000 Y=3500.000 Z=400.000) RuntimeGrid:None EditorOnly:0 RuntimeOnly:0 HLODRelevant:1 FolderPath:Playground FolderGuid:8CD33C9A4E75AD59B95486AC740693D6
 |   |   |- Guid:71FE14EC44942A487B7C2C9476B2C444 BaseClass:/Game/Bomberman/Blueprints/BP_BaseWall.BP_BaseWall_C NativeClass:/Script/Bomberman.Wall Name:BP_BaseWall_C_UAID_1C1B0D9DF559B37A01_1250147505 Label:BP_BaseWall11 SpatiallyLoaded:1 Bounds:IsValid=true, Min=(X=2120.000 Y=1743.427 Z=0.000), Max=(X=2320.000 Y=1976.573 Z=260.000) RuntimeGrid:None EditorOnly:0 RuntimeOnly:0 HLODRelevant:0
 |   |   |- Guid:7CCF1F7E4E0F753D277945A2AB0E312E BaseClass:/Game/Bomberman/Blueprints/BP_BaseWall.BP_BaseWall_C NativeClass:/Script/Bomberman.Wall Name:BP_BaseWall_C_UAID_1C1B0D9DF559B37A01_1210344503 Label:BP_BaseWall9 SpatiallyLoaded:1 Bounds:IsValid=true, Min=(X=2120.000 Y=1583.427 Z=0.000), Max=(X=2320.000 Y=1816.573 Z=260.000) RuntimeGrid:None EditorOnly:0 RuntimeOnly:0 HLODRelevant:0
 |   |   |- Guid:8E5C7F1F44CE144B15F2CD8344D6A25E BaseClass:/Game/Bomberman/Blueprints/BP_BaseWall.BP_BaseWall_C NativeClass:/Script/Bomberman.Wall Name:BP_BaseWall_C_UAID_1C1B0D9DF559B37A01_1185762497 Label:BP_BaseWall3 SpatiallyLoaded:1 Bounds:IsValid=true, Min=(X=2120.000 Y=683.427 Z=0.000), Max=(X=2320.000 Y=916.573 Z=260.000) RuntimeGrid:None EditorOnly:0 RuntimeOnly:0 HLODRelevant:0
 |   |   |- Guid:A1BA8AA14070602574AFA3904D175905 BaseClass: NativeClass:/Script/Engine.StaticMeshActor Name:StaticMeshActor_33 Label:SM_Cube SpatiallyLoaded:1 Bounds:IsValid=true, Min=(X=0.000 Y=0.000 Z=-50.000), Max=(X=3000.000 Y=3500.000 Z=0.000) RuntimeGrid:None EditorOnly:0 RuntimeOnly:0 HLODRelevant:1 FolderPath:Playground FolderGuid:8CD33C9A4E75AD59B95486AC740693D6
 |   |   |- Guid:B1742EFF4C7B72D3FF4144A576C159D9 BaseClass:/Game/Bomberman/Blueprints/BP_BaseWall.BP_BaseWall_C NativeClass:/Script/Bomberman.Wall Name:BP_BaseWall_C_UAID_1C1B0D9DF559B37A01_1316800509 Label:BP_BaseWall15 SpatiallyLoaded:1 Bounds:IsValid=true, Min=(X=2120.000 Y=-216.573 Z=0.000), Max=(X=2320.000 Y=16.573 Z=260.000) RuntimeGrid:None EditorOnly:0 RuntimeOnly:0 HLODRelevant:0
 |   |   |- Guid:B3E879AB4F6ECFD3BF11E8BD1442D382 BaseClass: NativeClass:/Script/Engine.CameraActor Name:CameraActor_UAID_1C1B0D9DF559B07A01_2011451967 Label:CameraActor SpatiallyLoaded:1 Bounds:IsValid=true, Min=(X=2500.000 Y=2620.000 Z=1270.000), Max=(X=2500.000 Y=2620.000 Z=1270.000) RuntimeGrid:None EditorOnly:0 RuntimeOnly:0 HLODRelevant:0
 |   |   |- Guid:BD01C9F24CF4AC624885CE9EE9E50F28 BaseClass:/Game/Bomberman/Blueprints/BP_BaseWall.BP_BaseWall_C NativeClass:/Script/Bomberman.Wall Name:BP_BaseWall_C_UAID_1C1B0D9DF559B37A01_1309027508 Label:BP_BaseWall14 SpatiallyLoaded:1 Bounds:IsValid=true, Min=(X=2120.000 Y=-66.573 Z=0.000), Max=(X=2320.000 Y=166.573 Z=260.000) RuntimeGrid:None EditorOnly:0 RuntimeOnly:0 HLODRelevant:0
 |   |   |- Guid:D0BC1A6C4C7A4895809396951ABB824F BaseClass: NativeClass:/Script/Engine.WorldDataLayers Name:WorldDataLayers Label:WorldDataLayers-1 SpatiallyLoaded:0 Bounds:IsValid=true, Min=(X=0.000 Y=0.000 Z=0.000), Max=(X=0.000 Y=0.000 Z=0.000) RuntimeGrid:None EditorOnly:0 RuntimeOnly:0 HLODRelevant:0
 |   |   |- Guid:D0E1ECCD4E23A19D8719D88940E5CBA8 BaseClass: NativeClass:/Script/Engine.ExponentialHeightFog Name:ExponentialHeightFog_1 Label:ExponentialHeightFog SpatiallyLoaded:0 Bounds:IsValid=true, Min=(X=-5600.000 Y=-50.000 Z=-6850.000), Max=(X=-5600.000 Y=-50.000 Z=-6850.000) RuntimeGrid:None EditorOnly:0 RuntimeOnly:0 HLODRelevant:0 FolderPath:Lighting FolderGuid:08A10B054C95868C663DE39EE4343813
 |   |   |- Guid:D7ED90D343976AFC68F920B70F2E7777 BaseClass:/Game/Bomberman/Blueprints/BP_BombermanPlayer.BP_BombermanPlayer_C NativeClass:/Script/Bomberman.BombermanPlayer Name:BP_BombermanPlayer_C_UAID_1C1B0D9DF559A77A01_1347822383 Label:BP_BombermanPlayer SpatiallyLoaded:1 Bounds:IsValid=true, Min=(X=2428.000 Y=2988.000 Z=0.000), Max=(X=2512.000 Y=3072.000 Z=192.000) RuntimeGrid:None EditorOnly:0 RuntimeOnly:0 HLODRelevant:0
 |   |   |- Guid:E17A3FC64466CE4AF3F0D2BD8FF6AAE9 BaseClass:/Game/Bomberman/Blueprints/BP_BaseWall.BP_BaseWall_C NativeClass:/Script/Bomberman.Wall Name:BP_BaseWall_C_UAID_1C1B0D9DF559B37A01_1198604500 Label:BP_BaseWall6 SpatiallyLoaded:1 Bounds:IsValid=true, Min=(X=2120.000 Y=1133.427 Z=0.000), Max=(X=2320.000 Y=1366.573 Z=260.000) RuntimeGrid:None EditorOnly:0 RuntimeOnly:0 HLODRelevant:0
 |   |   |- Guid:E17D5E4E470B009214E4E6A752055E39 BaseClass: NativeClass:/Script/Engine.StaticMeshActor Name:StaticMeshActor_36 Label:SM_Cube2 SpatiallyLoaded:1 Bounds:IsValid=true, Min=(X=0.000 Y=290.000 Z=0.000), Max=(X=3000.000 Y=390.000 Z=400.000) RuntimeGrid:None EditorOnly:0 RuntimeOnly:0 HLODRelevant:1 FolderPath:Playground FolderGuid:8CD33C9A4E75AD59B95486AC740693D6
 |   |   |- Guid:E3D223524DFA8DC2DEFD00ABC23A5667 BaseClass: NativeClass:/Script/Engine.StaticMeshActor Name:StaticMeshActor_UAID_A4AE111137DC5EFB00_1594956423 Label:SM_SkySphere SpatiallyLoaded:0 Bounds:IsValid=true, Min=(X=-1638400.000 Y=-1638400.000 Z=-1638400.000), Max=(X=1638400.000 Y=1638400.000 Z=1638400.000) RuntimeGrid:None EditorOnly:0 RuntimeOnly:0 HLODRelevant:1 FolderPath:Lighting FolderGuid:08A10B054C95868C663DE39EE4343813
 |   |   |- Guid:FC22A107498699B12DF104B6B68493D8 BaseClass:/Game/Bomberman/Blueprints/BP_GameManager.BP_GameManager_C NativeClass:/Script/Bomberman.GameManager Name:BP_GameManager_C_UAID_1C1B0D9DF559B27A01_1327114320 Label:BP_GameManager SpatiallyLoaded:1 Bounds:IsValid=true, Min=(X=2120.000 Y=3400.000 Z=0.000), Max=(X=2120.000 Y=3400.000 Z=0.000) RuntimeGrid:None EditorOnly:0 RuntimeOnly:0 HLODRelevant:0
 |   |   |- Guid:FCD6A68E447A839EE45E899029C1D99F BaseClass: NativeClass:/Script/Engine.DirectionalLight Name:DirectionalLight_1 Label:DirectionalLight SpatiallyLoaded:0 Bounds:IsValid=true, Min=(X=-4398046511104.000 Y=-4398046511104.000 Z=-4398046511104.000), Max=(X=4398046511104.000 Y=4398046511104.000 Z=4398046511104.000) RuntimeGrid:None EditorOnly:0 RuntimeOnly:0 HLODRelevant:0 FolderPath:Lighting FolderGuid:08A10B054C95868C663DE39EE4343813
 |   |- [+] Clusters:
 |   |   |- [+] [  0]
 |   |   |   |- Guid:D0BC1A6C4C7A4895809396951ABB824F BaseClass: NativeClass:/Script/Engine.WorldDataLayers Name:WorldDataLayers Label:WorldDataLayers-1 SpatiallyLoaded:0 Bounds:IsValid=true, Min=(X=0.000 Y=0.000 Z=0.000), Max=(X=0.000 Y=0.000 Z=0.000) RuntimeGrid:None EditorOnly:0 RuntimeOnly:0 HLODRelevant:0
 |   |   |- [+] [  1]
 |   |   |   |- Guid:D0E1ECCD4E23A19D8719D88940E5CBA8 BaseClass: NativeClass:/Script/Engine.ExponentialHeightFog Name:ExponentialHeightFog_1 Label:ExponentialHeightFog SpatiallyLoaded:0 Bounds:IsValid=true, Min=(X=-5600.000 Y=-50.000 Z=-6850.000), Max=(X=-5600.000 Y=-50.000 Z=-6850.000) RuntimeGrid:None EditorOnly:0 RuntimeOnly:0 HLODRelevant:0 FolderPath:Lighting FolderGuid:08A10B054C95868C663DE39EE4343813
 |   |   |- [+] [  2]
 |   |   |   |- Guid:E17D5E4E470B009214E4E6A752055E39 BaseClass: NativeClass:/Script/Engine.StaticMeshActor Name:StaticMeshActor_36 Label:SM_Cube2 SpatiallyLoaded:1 Bounds:IsValid=true, Min=(X=0.000 Y=290.000 Z=0.000), Max=(X=3000.000 Y=390.000 Z=400.000) RuntimeGrid:None EditorOnly:0 RuntimeOnly:0 HLODRelevant:1 FolderPath:Playground FolderGuid:8CD33C9A4E75AD59B95486AC740693D6
 |   |   |- [+] [  3]
 |   |   |   |- Guid:6D0E5FE64F23BED805FD15A864812D0C BaseClass: NativeClass:/Script/Engine.StaticMeshActor Name:StaticMeshActor_37 Label:SM_Cube3 SpatiallyLoaded:1 Bounds:IsValid=true, Min=(X=0.000 Y=3400.000 Z=0.000), Max=(X=3000.000 Y=3500.000 Z=400.000) RuntimeGrid:None EditorOnly:0 RuntimeOnly:0 HLODRelevant:1 FolderPath:Playground FolderGuid:8CD33C9A4E75AD59B95486AC740693D6
 |   |   |- [+] [  4]
 |   |   |   |- Guid:2FBA2337438F423DE32A1BB7C358DA3A BaseClass: NativeClass:/Script/Engine.StaticMeshActor Name:StaticMeshActor_42 Label:SM_Cube5 SpatiallyLoaded:1 Bounds:IsValid=true, Min=(X=2020.000 Y=100.000 Z=0.000), Max=(X=2120.000 Y=3400.000 Z=400.000) RuntimeGrid:None EditorOnly:0 RuntimeOnly:0 HLODRelevant:1 FolderPath:Playground FolderGuid:8CD33C9A4E75AD59B95486AC740693D6
 |   |   |- [+] [  5]
 |   |   |   |- Guid:E3D223524DFA8DC2DEFD00ABC23A5667 BaseClass: NativeClass:/Script/Engine.StaticMeshActor Name:StaticMeshActor_UAID_A4AE111137DC5EFB00_1594956423 Label:SM_SkySphere SpatiallyLoaded:0 Bounds:IsValid=true, Min=(X=-1638400.000 Y=-1638400.000 Z=-1638400.000), Max=(X=1638400.000 Y=1638400.000 Z=1638400.000) RuntimeGrid:None EditorOnly:0 RuntimeOnly:0 HLODRelevant:1 FolderPath:Lighting FolderGuid:08A10B054C95868C663DE39EE4343813
 |   |   |- [+] [  6]
 |   |   |   |- Guid:B3E879AB4F6ECFD3BF11E8BD1442D382 BaseClass: NativeClass:/Script/Engine.CameraActor Name:CameraActor_UAID_1C1B0D9DF559B07A01_2011451967 Label:CameraActor SpatiallyLoaded:1 Bounds:IsValid=true, Min=(X=2500.000 Y=2620.000 Z=1270.000), Max=(X=2500.000 Y=2620.000 Z=1270.000) RuntimeGrid:None EditorOnly:0 RuntimeOnly:0 HLODRelevant:0
 |   |   |- [+] [  7]
 |   |   |   |- Guid:45BFD66B434AD91281B4F49AABBB57EB BaseClass: NativeClass:/Script/Engine.SkyLight Name:SkyLight_0 Label:SkyLight SpatiallyLoaded:0 Bounds:IsValid=true, Min=(X=1540.000 Y=1660.000 Z=960.000), Max=(X=1540.000 Y=1660.000 Z=960.000) RuntimeGrid:None EditorOnly:0 RuntimeOnly:0 HLODRelevant:0 FolderPath:Lighting FolderGuid:08A10B054C95868C663DE39EE4343813
 |   |   |- [+] [  8]
 |   |   |   |- Guid:15BABD0841AB00E1DCCAD8801EF93262 BaseClass: NativeClass:/Script/Engine.StaticMeshActor Name:StaticMeshActor_43 Label:SM_Cube6 SpatiallyLoaded:1 Bounds:IsValid=true, Min=(X=2900.000 Y=100.000 Z=0.000), Max=(X=3000.000 Y=3400.000 Z=400.000) RuntimeGrid:None EditorOnly:0 RuntimeOnly:0 HLODRelevant:1 FolderPath:Playground FolderGuid:8CD33C9A4E75AD59B95486AC740693D6
 |   |   |- [+] [  9]
 |   |   |   |- Guid:A1BA8AA14070602574AFA3904D175905 BaseClass: NativeClass:/Script/Engine.StaticMeshActor Name:StaticMeshActor_33 Label:SM_Cube SpatiallyLoaded:1 Bounds:IsValid=true, Min=(X=0.000 Y=0.000 Z=-50.000), Max=(X=3000.000 Y=3500.000 Z=0.000) RuntimeGrid:None EditorOnly:0 RuntimeOnly:0 HLODRelevant:1 FolderPath:Playground FolderGuid:8CD33C9A4E75AD59B95486AC740693D6
 |   |   |- [+] [ 10]
 |   |   |   |- Guid:FCD6A68E447A839EE45E899029C1D99F BaseClass: NativeClass:/Script/Engine.DirectionalLight Name:DirectionalLight_1 Label:DirectionalLight SpatiallyLoaded:0 Bounds:IsValid=true, Min=(X=-4398046511104.000 Y=-4398046511104.000 Z=-4398046511104.000), Max=(X=4398046511104.000 Y=4398046511104.000 Z=4398046511104.000) RuntimeGrid:None EditorOnly:0 RuntimeOnly:0 HLODRelevant:0 FolderPath:Lighting FolderGuid:08A10B054C95868C663DE39EE4343813
 |   |   |- [+] [ 11]
 |   |   |   |- Guid:FC22A107498699B12DF104B6B68493D8 BaseClass:/Game/Bomberman/Blueprints/BP_GameManager.BP_GameManager_C NativeClass:/Script/Bomberman.GameManager Name:BP_GameManager_C_UAID_1C1B0D9DF559B27A01_1327114320 Label:BP_GameManager SpatiallyLoaded:1 Bounds:IsValid=true, Min=(X=2120.000 Y=3400.000 Z=0.000), Max=(X=2120.000 Y=3400.000 Z=0.000) RuntimeGrid:None EditorOnly:0 RuntimeOnly:0 HLODRelevant:0
 |   |   |- [+] [ 12]
 |   |   |   |- Guid:D7ED90D343976AFC68F920B70F2E7777 BaseClass:/Game/Bomberman/Blueprints/BP_BombermanPlayer.BP_BombermanPlayer_C NativeClass:/Script/Bomberman.BombermanPlayer Name:BP_BombermanPlayer_C_UAID_1C1B0D9DF559A77A01_1347822383 Label:BP_BombermanPlayer SpatiallyLoaded:1 Bounds:IsValid=true, Min=(X=2428.000 Y=2988.000 Z=0.000), Max=(X=2512.000 Y=3072.000 Z=192.000) RuntimeGrid:None EditorOnly:0 RuntimeOnly:0 HLODRelevant:0
 |   |   |- [+] [ 13]
 |   |   |   |- Guid:3EC17C38430B5A6B940A04A19B7F09D7 BaseClass:/Game/Bomberman/Blueprints/BP_BaseWall.BP_BaseWall_C NativeClass:/Script/Bomberman.Wall Name:BP_BaseWall_C_UAID_1C1B0D9DF559B27A01_2011622319 Label:BP_BaseWall SpatiallyLoaded:1 Bounds:IsValid=true, Min=(X=2120.000 Y=3183.427 Z=0.000), Max=(X=2320.000 Y=3416.573 Z=260.000) RuntimeGrid:None EditorOnly:0 RuntimeOnly:0 HLODRelevant:0
 |   |   |- [+] [ 14]
 |   |   |   |- Guid:3E9740F04BA043D38B46CD9E619D889C BaseClass:/Game/Bomberman/Blueprints/BP_BaseWall.BP_BaseWall_C NativeClass:/Script/Bomberman.Wall Name:BP_BaseWall_C_UAID_1C1B0D9DF559B37A01_1173958496 Label:BP_BaseWall2 SpatiallyLoaded:1 Bounds:IsValid=true, Min=(X=2120.000 Y=533.427 Z=0.000), Max=(X=2320.000 Y=766.573 Z=260.000) RuntimeGrid:None EditorOnly:0 RuntimeOnly:0 HLODRelevant:0
 |   |   |- [+] [ 15]
 |   |   |   |- Guid:8E5C7F1F44CE144B15F2CD8344D6A25E BaseClass:/Game/Bomberman/Blueprints/BP_BaseWall.BP_BaseWall_C NativeClass:/Script/Bomberman.Wall Name:BP_BaseWall_C_UAID_1C1B0D9DF559B37A01_1185762497 Label:BP_BaseWall3 SpatiallyLoaded:1 Bounds:IsValid=true, Min=(X=2120.000 Y=683.427 Z=0.000), Max=(X=2320.000 Y=916.573 Z=260.000) RuntimeGrid:None EditorOnly:0 RuntimeOnly:0 HLODRelevant:0
 |   |   |- [+] [ 16]
 |   |   |   |- Guid:5B2D333B49237182793D9A87408D275F BaseClass:/Game/Bomberman/Blueprints/BP_BaseWall.BP_BaseWall_C NativeClass:/Script/Bomberman.Wall Name:BP_BaseWall_C_UAID_1C1B0D9DF559B37A01_1190780498 Label:BP_BaseWall4 SpatiallyLoaded:1 Bounds:IsValid=true, Min=(X=2120.000 Y=833.427 Z=0.000), Max=(X=2320.000 Y=1066.573 Z=260.000) RuntimeGrid:None EditorOnly:0 RuntimeOnly:0 HLODRelevant:0
 |   |   |- [+] [ 17]
 |   |   |   |- Guid:45FB1E6C49994D4B40E12B848906912E BaseClass:/Game/Bomberman/Blueprints/BP_BaseWall.BP_BaseWall_C NativeClass:/Script/Bomberman.Wall Name:BP_BaseWall_C_UAID_1C1B0D9DF559B37A01_1193252499 Label:BP_BaseWall5 SpatiallyLoaded:1 Bounds:IsValid=true, Min=(X=2120.000 Y=983.427 Z=0.000), Max=(X=2320.000 Y=1216.573 Z=260.000) RuntimeGrid:None EditorOnly:0 RuntimeOnly:0 HLODRelevant:0
 |   |   |- [+] [ 18]
 |   |   |   |- Guid:E17A3FC64466CE4AF3F0D2BD8FF6AAE9 BaseClass:/Game/Bomberman/Blueprints/BP_BaseWall.BP_BaseWall_C NativeClass:/Script/Bomberman.Wall Name:BP_BaseWall_C_UAID_1C1B0D9DF559B37A01_1198604500 Label:BP_BaseWall6 SpatiallyLoaded:1 Bounds:IsValid=true, Min=(X=2120.000 Y=1133.427 Z=0.000), Max=(X=2320.000 Y=1366.573 Z=260.000) RuntimeGrid:None EditorOnly:0 RuntimeOnly:0 HLODRelevant:0
 |   |   |- [+] [ 19]
 |   |   |   |- Guid:1CA5A22E42DE4BB5FC9C23BAEDFC7B6B BaseClass:/Game/Bomberman/Blueprints/BP_BaseWall.BP_BaseWall_C NativeClass:/Script/Bomberman.Wall Name:BP_BaseWall_C_UAID_1C1B0D9DF559B37A01_1201007501 Label:BP_BaseWall7 SpatiallyLoaded:1 Bounds:IsValid=true, Min=(X=2120.000 Y=1283.427 Z=0.000), Max=(X=2320.000 Y=1516.573 Z=260.000) RuntimeGrid:None EditorOnly:0 RuntimeOnly:0 HLODRelevant:0
 |   |   |- [+] [ 20]
 |   |   |   |- Guid:2E0D617B4F93AE6B814F51ADCE2F4B69 BaseClass:/Game/Bomberman/Blueprints/BP_BaseWall.BP_BaseWall_C NativeClass:/Script/Bomberman.Wall Name:BP_BaseWall_C_UAID_1C1B0D9DF559B37A01_1207863502 Label:BP_BaseWall8 SpatiallyLoaded:1 Bounds:IsValid=true, Min=(X=2120.000 Y=1433.427 Z=0.000), Max=(X=2320.000 Y=1666.573 Z=260.000) RuntimeGrid:None EditorOnly:0 RuntimeOnly:0 HLODRelevant:0
 |   |   |- [+] [ 21]
 |   |   |   |- Guid:7CCF1F7E4E0F753D277945A2AB0E312E BaseClass:/Game/Bomberman/Blueprints/BP_BaseWall.BP_BaseWall_C NativeClass:/Script/Bomberman.Wall Name:BP_BaseWall_C_UAID_1C1B0D9DF559B37A01_1210344503 Label:BP_BaseWall9 SpatiallyLoaded:1 Bounds:IsValid=true, Min=(X=2120.000 Y=1583.427 Z=0.000), Max=(X=2320.000 Y=1816.573 Z=260.000) RuntimeGrid:None EditorOnly:0 RuntimeOnly:0 HLODRelevant:0
 |   |   |- [+] [ 22]
 |   |   |   |- Guid:1F64B98547AAAB556CC50DA27F8137A7 BaseClass:/Game/Bomberman/Blueprints/BP_BaseWall.BP_BaseWall_C NativeClass:/Script/Bomberman.Wall Name:BP_BaseWall_C_UAID_1C1B0D9DF559B37A01_1213065504 Label:BP_BaseWall10 SpatiallyLoaded:1 Bounds:IsValid=true, Min=(X=2120.000 Y=1593.427 Z=0.000), Max=(X=2320.000 Y=1826.573 Z=260.000) RuntimeGrid:None EditorOnly:0 RuntimeOnly:0 HLODRelevant:0
 |   |   |- [+] [ 23]
 |   |   |   |- Guid:71FE14EC44942A487B7C2C9476B2C444 BaseClass:/Game/Bomberman/Blueprints/BP_BaseWall.BP_BaseWall_C NativeClass:/Script/Bomberman.Wall Name:BP_BaseWall_C_UAID_1C1B0D9DF559B37A01_1250147505 Label:BP_BaseWall11 SpatiallyLoaded:1 Bounds:IsValid=true, Min=(X=2120.000 Y=1743.427 Z=0.000), Max=(X=2320.000 Y=1976.573 Z=260.000) RuntimeGrid:None EditorOnly:0 RuntimeOnly:0 HLODRelevant:0
 |   |   |- [+] [ 24]
 |   |   |   |- Guid:54B2E2A24DCE62584CCAB387C1AE7001 BaseClass:/Game/Bomberman/Blueprints/BP_BaseWall.BP_BaseWall_C NativeClass:/Script/Bomberman.Wall Name:BP_BaseWall_C_UAID_1C1B0D9DF559B37A01_1294391506 Label:BP_BaseWall12 SpatiallyLoaded:1 Bounds:IsValid=true, Min=(X=2120.000 Y=233.427 Z=0.000), Max=(X=2320.000 Y=466.573 Z=260.000) RuntimeGrid:None EditorOnly:0 RuntimeOnly:0 HLODRelevant:0
 |   |   |- [+] [ 25]
 |   |   |   |- Guid:6B17786249C2E6554773CA9B473034BE BaseClass:/Game/Bomberman/Blueprints/BP_BaseWall.BP_BaseWall_C NativeClass:/Script/Bomberman.Wall Name:BP_BaseWall_C_UAID_1C1B0D9DF559B37A01_1298743507 Label:BP_BaseWall13 SpatiallyLoaded:1 Bounds:IsValid=true, Min=(X=2120.000 Y=83.427 Z=0.000), Max=(X=2320.000 Y=316.573 Z=260.000) RuntimeGrid:None EditorOnly:0 RuntimeOnly:0 HLODRelevant:0
 |   |   |- [+] [ 26]
 |   |   |   |- Guid:BD01C9F24CF4AC624885CE9EE9E50F28 BaseClass:/Game/Bomberman/Blueprints/BP_BaseWall.BP_BaseWall_C NativeClass:/Script/Bomberman.Wall Name:BP_BaseWall_C_UAID_1C1B0D9DF559B37A01_1309027508 Label:BP_BaseWall14 SpatiallyLoaded:1 Bounds:IsValid=true, Min=(X=2120.000 Y=-66.573 Z=0.000), Max=(X=2320.000 Y=166.573 Z=260.000) RuntimeGrid:None EditorOnly:0 RuntimeOnly:0 HLODRelevant:0
 |   |   |- [+] [ 27]
 |   |   |   |- Guid:B1742EFF4C7B72D3FF4144A576C159D9 BaseClass:/Game/Bomberman/Blueprints/BP_BaseWall.BP_BaseWall_C NativeClass:/Script/Bomberman.Wall Name:BP_BaseWall_C_UAID_1C1B0D9DF559B37A01_1316800509 Label:BP_BaseWall15 SpatiallyLoaded:1 Bounds:IsValid=true, Min=(X=2120.000 Y=-216.573 Z=0.000), Max=(X=2320.000 Y=16.573 Z=260.000) RuntimeGrid:None EditorOnly:0 RuntimeOnly:0 HLODRelevant:0
 |- ContainerInstances:
 |- [+] MainContainer:
 |   |-        ID: 0x0000000000000000
 |   |-    Bounds: IsValid=false, Min=(X=0.000 Y=0.000 Z=0.000), Max=(X=0.000 Y=0.000 Z=0.000)
 |   |- Transform: 0.000000,0.000000,0.000000|0.000000,0.000000,-0.000000|1.000000,1.000000,1.000000
 |   |- Container: /Game/Bomberman/Maps/Map0
----------------------------------------------------------------------------------------------------------------
Map0 - Persistent Level
----------------------------------------------------------------------------------------------------------------
Always loaded Actor Count: 51 

----------------------------------------------------------------------------------------------------------------
Map0 - Runtime Spatial Hash - Streaming Grid - MainGrid
----------------------------------------------------------------------------------------------------------------
            Origin: X=0.000 Y=0.000 Z=0.000
         Cell Size: 12800
      World Bounds: IsValid=false, Min=(X=0.000 Y=0.000 Z=0.000), Max=(X=0.000 Y=0.000 Z=0.000)
     Loading Range: 25600.00
Block Slow Loading: No
 ClientOnlyVisible: No

[+] Grid Levels: 1
 |- Level  0: Cell Count    0 | Cell Size   12800 | Actor Count    0 (0.0%)

[+] Content of Grid Level 0

