[+] Containers:
 |- [+] Container: /Game/Bomberman/Maps/Map0
 |   |- [+] ActorDescs:
 |   |   |- Guid:15BABD0841AB00E1DCCAD8801EF93262 BaseClass: NativeClass:/Script/Engine.StaticMeshActor Name:StaticMeshActor_43 Label:SM_Cube6 SpatiallyLoaded:1 Bounds:IsValid=true, Min=(X=2130.000 Y=300.000 Z=0.000), Max=(X=2230.000 Y=3400.000 Z=400.000) RuntimeGrid:None EditorOnly:0 RuntimeOnly:0 HLODRelevant:1 FolderPath:Playground FolderGuid:8CD33C9A4E75AD59B95486AC740693D6
 |   |   |- Guid:1CA5A22E42DE4BB5FC9C23BAEDFC7B6B BaseClass:/Game/Bomberman/Blueprints/BP_BaseWall.BP_BaseWall_C NativeClass:/Script/Bomberman.Wall Name:BP_BaseWall_C_UAID_1C1B0D9DF559B37A01_1201007501 Label:BP_BaseWall7 SpatiallyLoaded:1 Bounds:IsValid=true, Min=(X=100.000 Y=1783.427 Z=0.000), Max=(X=300.000 Y=2016.573 Z=260.000) RuntimeGrid:None EditorOnly:0 RuntimeOnly:0 HLODRelevant:0 FolderPath:Walls FolderGuid:C05929D44DE2856C73CE6F9E148406A1
 |   |   |- Guid:1F64B98547AAAB556CC50DA27F8137A7 BaseClass:/Game/Bomberman/Blueprints/BP_BaseWall.BP_BaseWall_C NativeClass:/Script/Bomberman.Wall Name:BP_BaseWall_C_UAID_1C1B0D9DF559B37A01_1213065504 Label:BP_BaseWall10 SpatiallyLoaded:1 Bounds:IsValid=true, Min=(X=100.000 Y=2583.427 Z=0.000), Max=(X=300.000 Y=2816.573 Z=260.000) RuntimeGrid:None EditorOnly:0 RuntimeOnly:0 HLODRelevant:0 FolderPath:Walls FolderGuid:C05929D44DE2856C73CE6F9E148406A1
 |   |   |- Guid:2AFF12594F1F3E8C29FFFABC49A6200F BaseClass:/Game/Bomberman/Blueprints/BP_BaseWall.BP_BaseWall_C NativeClass:/Script/Bomberman.Wall Name:BP_BaseWall_C_UAID_1C1B0D9DF559B37A01_1703115514 Label:BP_BaseWall20 SpatiallyLoaded:1 Bounds:IsValid=true, Min=(X=1100.000 Y=3183.427 Z=0.000), Max=(X=1300.000 Y=3416.573 Z=260.000) RuntimeGrid:None EditorOnly:0 RuntimeOnly:0 HLODRelevant:0 FolderPath:Walls FolderGuid:C05929D44DE2856C73CE6F9E148406A1
 |   |   |- Guid:2E0D617B4F93AE6B814F51ADCE2F4B69 BaseClass:/Game/Bomberman/Blueprints/BP_BaseWall.BP_BaseWall_C NativeClass:/Script/Bomberman.Wall Name:BP_BaseWall_C_UAID_1C1B0D9DF559B37A01_1207863502 Label:BP_BaseWall8 SpatiallyLoaded:1 Bounds:IsValid=true, Min=(X=100.000 Y=2383.427 Z=0.000), Max=(X=300.000 Y=2616.573 Z=260.000) RuntimeGrid:None EditorOnly:0 RuntimeOnly:0 HLODRelevant:0 FolderPath:Walls FolderGuid:C05929D44DE2856C73CE6F9E148406A1
 |   |   |- Guid:2FBA2337438F423DE32A1BB7C358DA3A BaseClass: NativeClass:/Script/Engine.StaticMeshActor Name:StaticMeshActor_42 Label:SM_Cube5 SpatiallyLoaded:1 Bounds:IsValid=true, Min=(X=-0.000 Y=300.000 Z=0.000), Max=(X=100.000 Y=3500.000 Z=400.000) RuntimeGrid:None EditorOnly:0 RuntimeOnly:0 HLODRelevant:1 FolderPath:Playground FolderGuid:8CD33C9A4E75AD59B95486AC740693D6
 |   |   |- Guid:3A17DEFF47168CB170F5C8AFDCE7C30B BaseClass:/Game/Bomberman/Blueprints/BP_BaseWall.BP_BaseWall_C NativeClass:/Script/Bomberman.Wall Name:BP_BaseWall_C_UAID_1C1B0D9DF559B37A01_1703112513 Label:BP_BaseWall19 SpatiallyLoaded:1 Bounds:IsValid=true, Min=(X=900.000 Y=3183.427 Z=0.000), Max=(X=1100.000 Y=3416.573 Z=260.000) RuntimeGrid:None EditorOnly:0 RuntimeOnly:0 HLODRelevant:0 FolderPath:Walls FolderGuid:C05929D44DE2856C73CE6F9E148406A1
 |   |   |- Guid:3E9740F04BA043D38B46CD9E619D889C BaseClass:/Game/Bomberman/Blueprints/BP_BaseWall.BP_BaseWall_C NativeClass:/Script/Bomberman.Wall Name:BP_BaseWall_C_UAID_1C1B0D9DF559B37A01_1173958496 Label:BP_BaseWall2 SpatiallyLoaded:1 Bounds:IsValid=true, Min=(X=100.000 Y=2983.427 Z=0.000), Max=(X=300.000 Y=3216.573 Z=260.000) RuntimeGrid:None EditorOnly:0 RuntimeOnly:0 HLODRelevant:0 FolderPath:Walls FolderGuid:C05929D44DE2856C73CE6F9E148406A1
 |   |   |- Guid:3EC17C38430B5A6B940A04A19B7F09D7 BaseClass:/Game/Bomberman/Blueprints/BP_BaseWall.BP_BaseWall_C NativeClass:/Script/Bomberman.Wall Name:BP_BaseWall_C_UAID_1C1B0D9DF559B27A01_2011622319 Label:BP_BaseWall SpatiallyLoaded:1 Bounds:IsValid=true, Min=(X=100.000 Y=3183.427 Z=0.000), Max=(X=300.000 Y=3416.573 Z=260.000) RuntimeGrid:None EditorOnly:0 RuntimeOnly:0 HLODRelevant:0 FolderPath:Walls FolderGuid:C05929D44DE2856C73CE6F9E148406A1
 |   |   |- Guid:3F84C5D64AB53C8DA34AD693F01FA4AC BaseClass:/Game/Bomberman/Blueprints/BP_BaseWall.BP_BaseWall_C NativeClass:/Script/Bomberman.Wall Name:BP_BaseWall_C_UAID_1C1B0D9DF559B37A01_1678265511 Label:BP_BaseWall17 SpatiallyLoaded:1 Bounds:IsValid=true, Min=(X=500.000 Y=3183.427 Z=0.000), Max=(X=700.000 Y=3416.573 Z=260.000) RuntimeGrid:None EditorOnly:0 RuntimeOnly:0 HLODRelevant:0 FolderPath:Walls FolderGuid:C05929D44DE2856C73CE6F9E148406A1
 |   |   |- Guid:45BFD66B434AD91281B4F49AABBB57EB BaseClass: NativeClass:/Script/Engine.SkyLight Name:SkyLight_0 Label:SkyLight SpatiallyLoaded:0 Bounds:IsValid=true, Min=(X=1540.000 Y=1660.000 Z=960.000), Max=(X=1540.000 Y=1660.000 Z=960.000) RuntimeGrid:None EditorOnly:0 RuntimeOnly:0 HLODRelevant:0 FolderPath:Lighting FolderGuid:08A10B054C95868C663DE39EE4343813
 |   |   |- Guid:45FB1E6C49994D4B40E12B848906912E BaseClass:/Game/Bomberman/Blueprints/BP_BaseWall.BP_BaseWall_C NativeClass:/Script/Bomberman.Wall Name:BP_BaseWall_C_UAID_1C1B0D9DF559B37A01_1193252499 Label:BP_BaseWall5 SpatiallyLoaded:1 Bounds:IsValid=true, Min=(X=100.000 Y=1983.427 Z=0.000), Max=(X=300.000 Y=2216.573 Z=260.000) RuntimeGrid:None EditorOnly:0 RuntimeOnly:0 HLODRelevant:0 FolderPath:Walls FolderGuid:C05929D44DE2856C73CE6F9E148406A1
 |   |   |- Guid:51930C9C4A0D5FB594F6148B0DAC84D4 BaseClass:/Game/Bomberman/Blueprints/BP_BaseWall.BP_BaseWall_C NativeClass:/Script/Bomberman.Wall Name:BP_BaseWall_C_UAID_1C1B0D9DF559B37A01_1726849521 Label:BP_BaseWall27 SpatiallyLoaded:1 Bounds:IsValid=true, Min=(X=2500.000 Y=3183.427 Z=0.000), Max=(X=2700.000 Y=3416.573 Z=260.000) RuntimeGrid:None EditorOnly:0 RuntimeOnly:0 HLODRelevant:0 FolderPath:Walls FolderGuid:C05929D44DE2856C73CE6F9E148406A1
 |   |   |- Guid:54B2E2A24DCE62584CCAB387C1AE7001 BaseClass:/Game/Bomberman/Blueprints/BP_BaseWall.BP_BaseWall_C NativeClass:/Script/Bomberman.Wall Name:BP_BaseWall_C_UAID_1C1B0D9DF559B37A01_1294391506 Label:BP_BaseWall12 SpatiallyLoaded:1 Bounds:IsValid=true, Min=(X=100.000 Y=1183.427 Z=0.000), Max=(X=300.000 Y=1416.573 Z=260.000) RuntimeGrid:None EditorOnly:0 RuntimeOnly:0 HLODRelevant:0 FolderPath:Walls FolderGuid:C05929D44DE2856C73CE6F9E148406A1
 |   |   |- Guid:5B2D333B49237182793D9A87408D275F BaseClass:/Game/Bomberman/Blueprints/BP_BaseWall.BP_BaseWall_C NativeClass:/Script/Bomberman.Wall Name:BP_BaseWall_C_UAID_1C1B0D9DF559B37A01_1190780498 Label:BP_BaseWall4 SpatiallyLoaded:1 Bounds:IsValid=true, Min=(X=100.000 Y=1383.427 Z=0.000), Max=(X=300.000 Y=1616.573 Z=260.000) RuntimeGrid:None EditorOnly:0 RuntimeOnly:0 HLODRelevant:0 FolderPath:Walls FolderGuid:C05929D44DE2856C73CE6F9E148406A1
 |   |   |- Guid:638BE7364031D4952EF9B4AD70014139 BaseClass:/Game/Bomberman/Blueprints/BP_BaseWall.BP_BaseWall_C NativeClass:/Script/Bomberman.Wall Name:BP_BaseWall_C_UAID_1C1B0D9DF559B37A01_1703121516 Label:BP_BaseWall22 SpatiallyLoaded:1 Bounds:IsValid=true, Min=(X=1500.000 Y=3183.427 Z=0.000), Max=(X=1700.000 Y=3416.573 Z=260.000) RuntimeGrid:None EditorOnly:0 RuntimeOnly:0 HLODRelevant:0 FolderPath:Walls FolderGuid:C05929D44DE2856C73CE6F9E148406A1
 |   |   |- Guid:6B17786249C2E6554773CA9B473034BE BaseClass:/Game/Bomberman/Blueprints/BP_BaseWall.BP_BaseWall_C NativeClass:/Script/Bomberman.Wall Name:BP_BaseWall_C_UAID_1C1B0D9DF559B37A01_1298743507 Label:BP_BaseWall13 SpatiallyLoaded:1 Bounds:IsValid=true, Min=(X=100.000 Y=983.427 Z=0.000), Max=(X=300.000 Y=1216.573 Z=260.000) RuntimeGrid:None EditorOnly:0 RuntimeOnly:0 HLODRelevant:0 FolderPath:Walls FolderGuid:C05929D44DE2856C73CE6F9E148406A1
 |   |   |- Guid:6D0E5FE64F23BED805FD15A864812D0C BaseClass: NativeClass:/Script/Engine.StaticMeshActor Name:StaticMeshActor_37 Label:SM_Cube3 SpatiallyLoaded:1 Bounds:IsValid=true, Min=(X=0.000 Y=3400.000 Z=0.000), Max=(X=3000.000 Y=3500.000 Z=400.000) RuntimeGrid:None EditorOnly:0 RuntimeOnly:0 HLODRelevant:1 FolderPath:Playground FolderGuid:8CD33C9A4E75AD59B95486AC740693D6
 |   |   |- Guid:71FE14EC44942A487B7C2C9476B2C444 BaseClass:/Game/Bomberman/Blueprints/BP_BaseWall.BP_BaseWall_C NativeClass:/Script/Bomberman.Wall Name:BP_BaseWall_C_UAID_1C1B0D9DF559B37A01_1250147505 Label:BP_BaseWall11 SpatiallyLoaded:1 Bounds:IsValid=true, Min=(X=100.000 Y=2783.427 Z=0.000), Max=(X=300.000 Y=3016.573 Z=260.000) RuntimeGrid:None EditorOnly:0 RuntimeOnly:0 HLODRelevant:0 FolderPath:Walls FolderGuid:C05929D44DE2856C73CE6F9E148406A1
 |   |   |- Guid:7CCF1F7E4E0F753D277945A2AB0E312E BaseClass:/Game/Bomberman/Blueprints/BP_BaseWall.BP_BaseWall_C NativeClass:/Script/Bomberman.Wall Name:BP_BaseWall_C_UAID_1C1B0D9DF559B37A01_1210344503 Label:BP_BaseWall9 SpatiallyLoaded:1 Bounds:IsValid=true, Min=(X=100.000 Y=1583.427 Z=0.000), Max=(X=300.000 Y=1816.573 Z=260.000) RuntimeGrid:None EditorOnly:0 RuntimeOnly:0 HLODRelevant:0 FolderPath:Walls FolderGuid:C05929D44DE2856C73CE6F9E148406A1
 |   |   |- Guid:8E5C7F1F44CE144B15F2CD8344D6A25E BaseClass:/Game/Bomberman/Blueprints/BP_BaseWall.BP_BaseWall_C NativeClass:/Script/Bomberman.Wall Name:BP_BaseWall_C_UAID_1C1B0D9DF559B37A01_1185762497 Label:BP_BaseWall3 SpatiallyLoaded:1 Bounds:IsValid=true, Min=(X=100.000 Y=383.427 Z=0.000), Max=(X=300.000 Y=616.573 Z=260.000) RuntimeGrid:None EditorOnly:0 RuntimeOnly:0 HLODRelevant:0 FolderPath:Walls FolderGuid:C05929D44DE2856C73CE6F9E148406A1
 |   |   |- Guid:A1BA8AA14070602574AFA3904D175905 BaseClass: NativeClass:/Script/Engine.StaticMeshActor Name:StaticMeshActor_33 Label:SM_Cube SpatiallyLoaded:1 Bounds:IsValid=true, Min=(X=0.000 Y=0.000 Z=-50.000), Max=(X=3000.000 Y=3500.000 Z=0.000) RuntimeGrid:None EditorOnly:0 RuntimeOnly:0 HLODRelevant:1 FolderPath:Playground FolderGuid:8CD33C9A4E75AD59B95486AC740693D6
 |   |   |- Guid:B1742EFF4C7B72D3FF4144A576C159D9 BaseClass:/Game/Bomberman/Blueprints/BP_BaseWall.BP_BaseWall_C NativeClass:/Script/Bomberman.Wall Name:BP_BaseWall_C_UAID_1C1B0D9DF559B37A01_1316800509 Label:BP_BaseWall15 SpatiallyLoaded:1 Bounds:IsValid=true, Min=(X=100.000 Y=583.427 Z=0.000), Max=(X=300.000 Y=816.573 Z=260.000) RuntimeGrid:None EditorOnly:0 RuntimeOnly:0 HLODRelevant:0 FolderPath:Walls FolderGuid:C05929D44DE2856C73CE6F9E148406A1
 |   |   |- Guid:B2C6B15D49B0F8C22964039DC4846D65 BaseClass:/Game/Bomberman/Blueprints/BP_BaseWall.BP_BaseWall_C NativeClass:/Script/Bomberman.Wall Name:BP_BaseWall_C_UAID_1C1B0D9DF559B37A01_1703118515 Label:BP_BaseWall21 SpatiallyLoaded:1 Bounds:IsValid=true, Min=(X=1300.000 Y=3183.427 Z=0.000), Max=(X=1500.000 Y=3416.573 Z=260.000) RuntimeGrid:None EditorOnly:0 RuntimeOnly:0 HLODRelevant:0 FolderPath:Walls FolderGuid:C05929D44DE2856C73CE6F9E148406A1
 |   |   |- Guid:B3E879AB4F6ECFD3BF11E8BD1442D382 BaseClass: NativeClass:/Script/Engine.CameraActor Name:CameraActor_UAID_1C1B0D9DF559B07A01_2011451967 Label:CameraActor SpatiallyLoaded:1 Bounds:IsValid=true, Min=(X=1120.000 Y=1890.000 Z=2000.000), Max=(X=1120.000 Y=1890.000 Z=2000.000) RuntimeGrid:None EditorOnly:0 RuntimeOnly:0 HLODRelevant:0
 |   |   |- Guid:BD01C9F24CF4AC624885CE9EE9E50F28 BaseClass:/Game/Bomberman/Blueprints/BP_BaseWall.BP_BaseWall_C NativeClass:/Script/Bomberman.Wall Name:BP_BaseWall_C_UAID_1C1B0D9DF559B37A01_1309027508 Label:BP_BaseWall14 SpatiallyLoaded:1 Bounds:IsValid=true, Min=(X=100.000 Y=783.427 Z=0.000), Max=(X=300.000 Y=1016.573 Z=260.000) RuntimeGrid:None EditorOnly:0 RuntimeOnly:0 HLODRelevant:0 FolderPath:Walls FolderGuid:C05929D44DE2856C73CE6F9E148406A1
 |   |   |- Guid:CA4F88BA4F2D98D6DC54FCADDC030682 BaseClass:/Game/Bomberman/Blueprints/BP_BaseWall.BP_BaseWall_C NativeClass:/Script/Bomberman.Wall Name:BP_BaseWall_C_UAID_1C1B0D9DF559B37A01_1715589519 Label:BP_BaseWall25 SpatiallyLoaded:1 Bounds:IsValid=true, Min=(X=2100.000 Y=3183.427 Z=0.000), Max=(X=2300.000 Y=3416.573 Z=260.000) RuntimeGrid:None EditorOnly:0 RuntimeOnly:0 HLODRelevant:0 FolderPath:Walls FolderGuid:C05929D44DE2856C73CE6F9E148406A1
 |   |   |- Guid:CEF325364DE2DEA52024CBA33128E9E2 BaseClass:/Game/Bomberman/Blueprints/BP_BaseWall.BP_BaseWall_C NativeClass:/Script/Bomberman.Wall Name:BP_BaseWall_C_UAID_1C1B0D9DF559B37A01_1671322510 Label:BP_BaseWall16 SpatiallyLoaded:1 Bounds:IsValid=true, Min=(X=300.000 Y=3183.427 Z=0.000), Max=(X=500.000 Y=3416.573 Z=260.000) RuntimeGrid:None EditorOnly:0 RuntimeOnly:0 HLODRelevant:0 FolderPath:Walls FolderGuid:C05929D44DE2856C73CE6F9E148406A1
 |   |   |- Guid:D0BC1A6C4C7A4895809396951ABB824F BaseClass: NativeClass:/Script/Engine.WorldDataLayers Name:WorldDataLayers Label:WorldDataLayers-1 SpatiallyLoaded:0 Bounds:IsValid=true, Min=(X=0.000 Y=0.000 Z=0.000), Max=(X=0.000 Y=0.000 Z=0.000) RuntimeGrid:None EditorOnly:0 RuntimeOnly:0 HLODRelevant:0
 |   |   |- Guid:D0E1ECCD4E23A19D8719D88940E5CBA8 BaseClass: NativeClass:/Script/Engine.ExponentialHeightFog Name:ExponentialHeightFog_1 Label:ExponentialHeightFog SpatiallyLoaded:0 Bounds:IsValid=true, Min=(X=-5600.000 Y=-50.000 Z=-6850.000), Max=(X=-5600.000 Y=-50.000 Z=-6850.000) RuntimeGrid:None EditorOnly:0 RuntimeOnly:0 HLODRelevant:0 FolderPath:Lighting FolderGuid:08A10B054C95868C663DE39EE4343813
 |   |   |- Guid:D7ED90D343976AFC68F920B70F2E7777 BaseClass:/Game/Bomberman/Blueprints/BP_BombermanPlayer.BP_BombermanPlayer_C NativeClass:/Script/Bomberman.BombermanPlayer Name:BP_BombermanPlayer_C_UAID_1C1B0D9DF559A77A01_1347822383 Label:BP_BombermanPlayer SpatiallyLoaded:1 Bounds:IsValid=true, Min=(X=2428.000 Y=2988.000 Z=0.000), Max=(X=2512.000 Y=3072.000 Z=192.000) RuntimeGrid:None EditorOnly:0 RuntimeOnly:0 HLODRelevant:0
 |   |   |- Guid:E174580A425BD2611E7AD09DC59F776F BaseClass:/Game/Bomberman/Blueprints/BP_BaseWall.BP_BaseWall_C NativeClass:/Script/Bomberman.Wall Name:BP_BaseWall_C_UAID_1C1B0D9DF559B37A01_1715587518 Label:BP_BaseWall24 SpatiallyLoaded:1 Bounds:IsValid=true, Min=(X=1900.000 Y=3183.427 Z=0.000), Max=(X=2100.000 Y=3416.573 Z=260.000) RuntimeGrid:None EditorOnly:0 RuntimeOnly:0 HLODRelevant:0 FolderPath:Walls FolderGuid:C05929D44DE2856C73CE6F9E148406A1
 |   |   |- Guid:E17A3FC64466CE4AF3F0D2BD8FF6AAE9 BaseClass:/Game/Bomberman/Blueprints/BP_BaseWall.BP_BaseWall_C NativeClass:/Script/Bomberman.Wall Name:BP_BaseWall_C_UAID_1C1B0D9DF559B37A01_1198604500 Label:BP_BaseWall6 SpatiallyLoaded:1 Bounds:IsValid=true, Min=(X=100.000 Y=2183.427 Z=0.000), Max=(X=300.000 Y=2416.573 Z=260.000) RuntimeGrid:None EditorOnly:0 RuntimeOnly:0 HLODRelevant:0 FolderPath:Walls FolderGuid:C05929D44DE2856C73CE6F9E148406A1
 |   |   |- Guid:E17D5E4E470B009214E4E6A752055E39 BaseClass: NativeClass:/Script/Engine.StaticMeshActor Name:StaticMeshActor_36 Label:SM_Cube2 SpatiallyLoaded:1 Bounds:IsValid=true, Min=(X=0.000 Y=300.000 Z=0.000), Max=(X=3000.000 Y=400.000 Z=400.000) RuntimeGrid:None EditorOnly:0 RuntimeOnly:0 HLODRelevant:1 FolderPath:Playground FolderGuid:8CD33C9A4E75AD59B95486AC740693D6
 |   |   |- Guid:E3D223524DFA8DC2DEFD00ABC23A5667 BaseClass: NativeClass:/Script/Engine.StaticMeshActor Name:StaticMeshActor_UAID_A4AE111137DC5EFB00_1594956423 Label:SM_SkySphere SpatiallyLoaded:0 Bounds:IsValid=true, Min=(X=-1638400.000 Y=-1638400.000 Z=-1638400.000), Max=(X=1638400.000 Y=1638400.000 Z=1638400.000) RuntimeGrid:None EditorOnly:0 RuntimeOnly:0 HLODRelevant:1 FolderPath:Lighting FolderGuid:08A10B054C95868C663DE39EE4343813
 |   |   |- Guid:EEA187BF424EF47C859E8AA23D89D22C BaseClass:/Game/Bomberman/Blueprints/BP_BaseWall.BP_BaseWall_C NativeClass:/Script/Bomberman.Wall Name:BP_BaseWall_C_UAID_1C1B0D9DF559B37A01_1715591520 Label:BP_BaseWall26 SpatiallyLoaded:1 Bounds:IsValid=true, Min=(X=2300.000 Y=3183.427 Z=0.000), Max=(X=2500.000 Y=3416.573 Z=260.000) RuntimeGrid:None EditorOnly:0 RuntimeOnly:0 HLODRelevant:0 FolderPath:Walls FolderGuid:C05929D44DE2856C73CE6F9E148406A1
 |   |   |- Guid:F3600DFA469932AFD6B281AB1F152D5C BaseClass:/Game/Bomberman/Blueprints/BP_BaseWall.BP_BaseWall_C NativeClass:/Script/Bomberman.Wall Name:BP_BaseWall_C_UAID_1C1B0D9DF559B37A01_1715584517 Label:BP_BaseWall23 SpatiallyLoaded:1 Bounds:IsValid=true, Min=(X=1700.000 Y=3183.427 Z=0.000), Max=(X=1900.000 Y=3416.573 Z=260.000) RuntimeGrid:None EditorOnly:0 RuntimeOnly:0 HLODRelevant:0 FolderPath:Walls FolderGuid:C05929D44DE2856C73CE6F9E148406A1
 |   |   |- Guid:F7E5F4C3401DC11FCE0AC2B9117A4C97 BaseClass:/Game/Bomberman/Blueprints/BP_BaseWall.BP_BaseWall_C NativeClass:/Script/Bomberman.Wall Name:BP_BaseWall_C_UAID_1C1B0D9DF559B37A01_1685674512 Label:BP_BaseWall18 SpatiallyLoaded:1 Bounds:IsValid=true, Min=(X=700.000 Y=3183.427 Z=0.000), Max=(X=900.000 Y=3416.573 Z=260.000) RuntimeGrid:None EditorOnly:0 RuntimeOnly:0 HLODRelevant:0 FolderPath:Walls FolderGuid:C05929D44DE2856C73CE6F9E148406A1
 |   |   |- Guid:FC22A107498699B12DF104B6B68493D8 BaseClass:/Game/Bomberman/Blueprints/BP_GameManager.BP_GameManager_C NativeClass:/Script/Bomberman.GameManager Name:BP_GameManager_C_UAID_1C1B0D9DF559B27A01_1327114320 Label:BP_GameManager SpatiallyLoaded:1 Bounds:IsValid=true, Min=(X=2120.000 Y=3400.000 Z=0.000), Max=(X=2120.000 Y=3400.000 Z=0.000) RuntimeGrid:None EditorOnly:0 RuntimeOnly:0 HLODRelevant:0
 |   |   |- Guid:FCD6A68E447A839EE45E899029C1D99F BaseClass: NativeClass:/Script/Engine.DirectionalLight Name:DirectionalLight_1 Label:DirectionalLight SpatiallyLoaded:0 Bounds:IsValid=true, Min=(X=-4398046511104.000 Y=-4398046511104.000 Z=-4398046511104.000), Max=(X=4398046511104.000 Y=4398046511104.000 Z=4398046511104.000) RuntimeGrid:None EditorOnly:0 RuntimeOnly:0 HLODRelevant:0 FolderPath:Lighting FolderGuid:08A10B054C95868C663DE39EE4343813
 |   |- [+] Clusters:
 |   |   |- [+] [  0]
 |   |   |   |- Guid:D0BC1A6C4C7A4895809396951ABB824F BaseClass: NativeClass:/Script/Engine.WorldDataLayers Name:WorldDataLayers Label:WorldDataLayers-1 SpatiallyLoaded:0 Bounds:IsValid=true, Min=(X=0.000 Y=0.000 Z=0.000), Max=(X=0.000 Y=0.000 Z=0.000) RuntimeGrid:None EditorOnly:0 RuntimeOnly:0 HLODRelevant:0
 |   |   |- [+] [  1]
 |   |   |   |- Guid:D0E1ECCD4E23A19D8719D88940E5CBA8 BaseClass: NativeClass:/Script/Engine.ExponentialHeightFog Name:ExponentialHeightFog_1 Label:ExponentialHeightFog SpatiallyLoaded:0 Bounds:IsValid=true, Min=(X=-5600.000 Y=-50.000 Z=-6850.000), Max=(X=-5600.000 Y=-50.000 Z=-6850.000) RuntimeGrid:None EditorOnly:0 RuntimeOnly:0 HLODRelevant:0 FolderPath:Lighting FolderGuid:08A10B054C95868C663DE39EE4343813
 |   |   |- [+] [  2]
 |   |   |   |- Guid:E17D5E4E470B009214E4E6A752055E39 BaseClass: NativeClass:/Script/Engine.StaticMeshActor Name:StaticMeshActor_36 Label:SM_Cube2 SpatiallyLoaded:1 Bounds:IsValid=true, Min=(X=0.000 Y=300.000 Z=0.000), Max=(X=3000.000 Y=400.000 Z=400.000) RuntimeGrid:None EditorOnly:0 RuntimeOnly:0 HLODRelevant:1 FolderPath:Playground FolderGuid:8CD33C9A4E75AD59B95486AC740693D6
 |   |   |- [+] [  3]
 |   |   |   |- Guid:6D0E5FE64F23BED805FD15A864812D0C BaseClass: NativeClass:/Script/Engine.StaticMeshActor Name:StaticMeshActor_37 Label:SM_Cube3 SpatiallyLoaded:1 Bounds:IsValid=true, Min=(X=0.000 Y=3400.000 Z=0.000), Max=(X=3000.000 Y=3500.000 Z=400.000) RuntimeGrid:None EditorOnly:0 RuntimeOnly:0 HLODRelevant:1 FolderPath:Playground FolderGuid:8CD33C9A4E75AD59B95486AC740693D6
 |   |   |- [+] [  4]
 |   |   |   |- Guid:2FBA2337438F423DE32A1BB7C358DA3A BaseClass: NativeClass:/Script/Engine.StaticMeshActor Name:StaticMeshActor_42 Label:SM_Cube5 SpatiallyLoaded:1 Bounds:IsValid=true, Min=(X=-0.000 Y=300.000 Z=0.000), Max=(X=100.000 Y=3500.000 Z=400.000) RuntimeGrid:None EditorOnly:0 RuntimeOnly:0 HLODRelevant:1 FolderPath:Playground FolderGuid:8CD33C9A4E75AD59B95486AC740693D6
 |   |   |- [+] [  5]
 |   |   |   |- Guid:E3D223524DFA8DC2DEFD00ABC23A5667 BaseClass: NativeClass:/Script/Engine.StaticMeshActor Name:StaticMeshActor_UAID_A4AE111137DC5EFB00_1594956423 Label:SM_SkySphere SpatiallyLoaded:0 Bounds:IsValid=true, Min=(X=-1638400.000 Y=-1638400.000 Z=-1638400.000), Max=(X=1638400.000 Y=1638400.000 Z=1638400.000) RuntimeGrid:None EditorOnly:0 RuntimeOnly:0 HLODRelevant:1 FolderPath:Lighting FolderGuid:08A10B054C95868C663DE39EE4343813
 |   |   |- [+] [  6]
 |   |   |   |- Guid:B3E879AB4F6ECFD3BF11E8BD1442D382 BaseClass: NativeClass:/Script/Engine.CameraActor Name:CameraActor_UAID_1C1B0D9DF559B07A01_2011451967 Label:CameraActor SpatiallyLoaded:1 Bounds:IsValid=true, Min=(X=1120.000 Y=1890.000 Z=2000.000), Max=(X=1120.000 Y=1890.000 Z=2000.000) RuntimeGrid:None EditorOnly:0 RuntimeOnly:0 HLODRelevant:0
 |   |   |- [+] [  7]
 |   |   |   |- Guid:45BFD66B434AD91281B4F49AABBB57EB BaseClass: NativeClass:/Script/Engine.SkyLight Name:SkyLight_0 Label:SkyLight SpatiallyLoaded:0 Bounds:IsValid=true, Min=(X=1540.000 Y=1660.000 Z=960.000), Max=(X=1540.000 Y=1660.000 Z=960.000) RuntimeGrid:None EditorOnly:0 RuntimeOnly:0 HLODRelevant:0 FolderPath:Lighting FolderGuid:08A10B054C95868C663DE39EE4343813
 |   |   |- [+] [  8]
 |   |   |   |- Guid:15BABD0841AB00E1DCCAD8801EF93262 BaseClass: NativeClass:/Script/Engine.StaticMeshActor Name:StaticMeshActor_43 Label:SM_Cube6 SpatiallyLoaded:1 Bounds:IsValid=true, Min=(X=2130.000 Y=300.000 Z=0.000), Max=(X=2230.000 Y=3400.000 Z=400.000) RuntimeGrid:None EditorOnly:0 RuntimeOnly:0 HLODRelevant:1 FolderPath:Playground FolderGuid:8CD33C9A4E75AD59B95486AC740693D6
 |   |   |- [+] [  9]
 |   |   |   |- Guid:A1BA8AA14070602574AFA3904D175905 BaseClass: NativeClass:/Script/Engine.StaticMeshActor Name:StaticMeshActor_33 Label:SM_Cube SpatiallyLoaded:1 Bounds:IsValid=true, Min=(X=0.000 Y=0.000 Z=-50.000), Max=(X=3000.000 Y=3500.000 Z=0.000) RuntimeGrid:None EditorOnly:0 RuntimeOnly:0 HLODRelevant:1 FolderPath:Playground FolderGuid:8CD33C9A4E75AD59B95486AC740693D6
 |   |   |- [+] [ 10]
 |   |   |   |- Guid:FCD6A68E447A839EE45E899029C1D99F BaseClass: NativeClass:/Script/Engine.DirectionalLight Name:DirectionalLight_1 Label:DirectionalLight SpatiallyLoaded:0 Bounds:IsValid=true, Min=(X=-4398046511104.000 Y=-4398046511104.000 Z=-4398046511104.000), Max=(X=4398046511104.000 Y=4398046511104.000 Z=4398046511104.000) RuntimeGrid:None EditorOnly:0 RuntimeOnly:0 HLODRelevant:0 FolderPath:Lighting FolderGuid:08A10B054C95868C663DE39EE4343813
 |   |   |- [+] [ 11]
 |   |   |   |- Guid:FC22A107498699B12DF104B6B68493D8 BaseClass:/Game/Bomberman/Blueprints/BP_GameManager.BP_GameManager_C NativeClass:/Script/Bomberman.GameManager Name:BP_GameManager_C_UAID_1C1B0D9DF559B27A01_1327114320 Label:BP_GameManager SpatiallyLoaded:1 Bounds:IsValid=true, Min=(X=2120.000 Y=3400.000 Z=0.000), Max=(X=2120.000 Y=3400.000 Z=0.000) RuntimeGrid:None EditorOnly:0 RuntimeOnly:0 HLODRelevant:0
 |   |   |- [+] [ 12]
 |   |   |   |- Guid:D7ED90D343976AFC68F920B70F2E7777 BaseClass:/Game/Bomberman/Blueprints/BP_BombermanPlayer.BP_BombermanPlayer_C NativeClass:/Script/Bomberman.BombermanPlayer Name:BP_BombermanPlayer_C_UAID_1C1B0D9DF559A77A01_1347822383 Label:BP_BombermanPlayer SpatiallyLoaded:1 Bounds:IsValid=true, Min=(X=2428.000 Y=2988.000 Z=0.000), Max=(X=2512.000 Y=3072.000 Z=192.000) RuntimeGrid:None EditorOnly:0 RuntimeOnly:0 HLODRelevant:0
 |   |   |- [+] [ 13]
 |   |   |   |- Guid:3EC17C38430B5A6B940A04A19B7F09D7 BaseClass:/Game/Bomberman/Blueprints/BP_BaseWall.BP_BaseWall_C NativeClass:/Script/Bomberman.Wall Name:BP_BaseWall_C_UAID_1C1B0D9DF559B27A01_2011622319 Label:BP_BaseWall SpatiallyLoaded:1 Bounds:IsValid=true, Min=(X=100.000 Y=3183.427 Z=0.000), Max=(X=300.000 Y=3416.573 Z=260.000) RuntimeGrid:None EditorOnly:0 RuntimeOnly:0 HLODRelevant:0 FolderPath:Walls FolderGuid:C05929D44DE2856C73CE6F9E148406A1
 |   |   |- [+] [ 14]
 |   |   |   |- Guid:3E9740F04BA043D38B46CD9E619D889C BaseClass:/Game/Bomberman/Blueprints/BP_BaseWall.BP_BaseWall_C NativeClass:/Script/Bomberman.Wall Name:BP_BaseWall_C_UAID_1C1B0D9DF559B37A01_1173958496 Label:BP_BaseWall2 SpatiallyLoaded:1 Bounds:IsValid=true, Min=(X=100.000 Y=2983.427 Z=0.000), Max=(X=300.000 Y=3216.573 Z=260.000) RuntimeGrid:None EditorOnly:0 RuntimeOnly:0 HLODRelevant:0 FolderPath:Walls FolderGuid:C05929D44DE2856C73CE6F9E148406A1
 |   |   |- [+] [ 15]
 |   |   |   |- Guid:8E5C7F1F44CE144B15F2CD8344D6A25E BaseClass:/Game/Bomberman/Blueprints/BP_BaseWall.BP_BaseWall_C NativeClass:/Script/Bomberman.Wall Name:BP_BaseWall_C_UAID_1C1B0D9DF559B37A01_1185762497 Label:BP_BaseWall3 SpatiallyLoaded:1 Bounds:IsValid=true, Min=(X=100.000 Y=383.427 Z=0.000), Max=(X=300.000 Y=616.573 Z=260.000) RuntimeGrid:None EditorOnly:0 RuntimeOnly:0 HLODRelevant:0 FolderPath:Walls FolderGuid:C05929D44DE2856C73CE6F9E148406A1
 |   |   |- [+] [ 16]
 |   |   |   |- Guid:5B2D333B49237182793D9A87408D275F BaseClass:/Game/Bomberman/Blueprints/BP_BaseWall.BP_BaseWall_C NativeClass:/Script/Bomberman.Wall Name:BP_BaseWall_C_UAID_1C1B0D9DF559B37A01_1190780498 Label:BP_BaseWall4 SpatiallyLoaded:1 Bounds:IsValid=true, Min=(X=100.000 Y=1383.427 Z=0.000), Max=(X=300.000 Y=1616.573 Z=260.000) RuntimeGrid:None EditorOnly:0 RuntimeOnly:0 HLODRelevant:0 FolderPath:Walls FolderGuid:C05929D44DE2856C73CE6F9E148406A1
 |   |   |- [+] [ 17]
 |   |   |   |- Guid:45FB1E6C49994D4B40E12B848906912E BaseClass:/Game/Bomberman/Blueprints/BP_BaseWall.BP_BaseWall_C NativeClass:/Script/Bomberman.Wall Name:BP_BaseWall_C_UAID_1C1B0D9DF559B37A01_1193252499 Label:BP_BaseWall5 SpatiallyLoaded:1 Bounds:IsValid=true, Min=(X=100.000 Y=1983.427 Z=0.000), Max=(X=300.000 Y=2216.573 Z=260.000) RuntimeGrid:None EditorOnly:0 RuntimeOnly:0 HLODRelevant:0 FolderPath:Walls FolderGuid:C05929D44DE2856C73CE6F9E148406A1
 |   |   |- [+] [ 18]
 |   |   |   |- Guid:E17A3FC64466CE4AF3F0D2BD8FF6AAE9 BaseClass:/Game/Bomberman/Blueprints/BP_BaseWall.BP_BaseWall_C NativeClass:/Script/Bomberman.Wall Name:BP_BaseWall_C_UAID_1C1B0D9DF559B37A01_1198604500 Label:BP_BaseWall6 SpatiallyLoaded:1 Bounds:IsValid=true, Min=(X=100.000 Y=2183.427 Z=0.000), Max=(X=300.000 Y=2416.573 Z=260.000) RuntimeGrid:None EditorOnly:0 RuntimeOnly:0 HLODRelevant:0 FolderPath:Walls FolderGuid:C05929D44DE2856C73CE6F9E148406A1
 |   |   |- [+] [ 19]
 |   |   |   |- Guid:1CA5A22E42DE4BB5FC9C23BAEDFC7B6B BaseClass:/Game/Bomberman/Blueprints/BP_BaseWall.BP_BaseWall_C NativeClass:/Script/Bomberman.Wall Name:BP_BaseWall_C_UAID_1C1B0D9DF559B37A01_1201007501 Label:BP_BaseWall7 SpatiallyLoaded:1 Bounds:IsValid=true, Min=(X=100.000 Y=1783.427 Z=0.000), Max=(X=300.000 Y=2016.573 Z=260.000) RuntimeGrid:None EditorOnly:0 RuntimeOnly:0 HLODRelevant:0 FolderPath:Walls FolderGuid:C05929D44DE2856C73CE6F9E148406A1
 |   |   |- [+] [ 20]
 |   |   |   |- Guid:2E0D617B4F93AE6B814F51ADCE2F4B69 BaseClass:/Game/Bomberman/Blueprints/BP_BaseWall.BP_BaseWall_C NativeClass:/Script/Bomberman.Wall Name:BP_BaseWall_C_UAID_1C1B0D9DF559B37A01_1207863502 Label:BP_BaseWall8 SpatiallyLoaded:1 Bounds:IsValid=true, Min=(X=100.000 Y=2383.427 Z=0.000), Max=(X=300.000 Y=2616.573 Z=260.000) RuntimeGrid:None EditorOnly:0 RuntimeOnly:0 HLODRelevant:0 FolderPath:Walls FolderGuid:C05929D44DE2856C73CE6F9E148406A1
 |   |   |- [+] [ 21]
 |   |   |   |- Guid:7CCF1F7E4E0F753D277945A2AB0E312E BaseClass:/Game/Bomberman/Blueprints/BP_BaseWall.BP_BaseWall_C NativeClass:/Script/Bomberman.Wall Name:BP_BaseWall_C_UAID_1C1B0D9DF559B37A01_1210344503 Label:BP_BaseWall9 SpatiallyLoaded:1 Bounds:IsValid=true, Min=(X=100.000 Y=1583.427 Z=0.000), Max=(X=300.000 Y=1816.573 Z=260.000) RuntimeGrid:None EditorOnly:0 RuntimeOnly:0 HLODRelevant:0 FolderPath:Walls FolderGuid:C05929D44DE2856C73CE6F9E148406A1
 |   |   |- [+] [ 22]
 |   |   |   |- Guid:1F64B98547AAAB556CC50DA27F8137A7 BaseClass:/Game/Bomberman/Blueprints/BP_BaseWall.BP_BaseWall_C NativeClass:/Script/Bomberman.Wall Name:BP_BaseWall_C_UAID_1C1B0D9DF559B37A01_1213065504 Label:BP_BaseWall10 SpatiallyLoaded:1 Bounds:IsValid=true, Min=(X=100.000 Y=2583.427 Z=0.000), Max=(X=300.000 Y=2816.573 Z=260.000) RuntimeGrid:None EditorOnly:0 RuntimeOnly:0 HLODRelevant:0 FolderPath:Walls FolderGuid:C05929D44DE2856C73CE6F9E148406A1
 |   |   |- [+] [ 23]
 |   |   |   |- Guid:71FE14EC44942A487B7C2C9476B2C444 BaseClass:/Game/Bomberman/Blueprints/BP_BaseWall.BP_BaseWall_C NativeClass:/Script/Bomberman.Wall Name:BP_BaseWall_C_UAID_1C1B0D9DF559B37A01_1250147505 Label:BP_BaseWall11 SpatiallyLoaded:1 Bounds:IsValid=true, Min=(X=100.000 Y=2783.427 Z=0.000), Max=(X=300.000 Y=3016.573 Z=260.000) RuntimeGrid:None EditorOnly:0 RuntimeOnly:0 HLODRelevant:0 FolderPath:Walls FolderGuid:C05929D44DE2856C73CE6F9E148406A1
 |   |   |- [+] [ 24]
 |   |   |   |- Guid:54B2E2A24DCE62584CCAB387C1AE7001 BaseClass:/Game/Bomberman/Blueprints/BP_BaseWall.BP_BaseWall_C NativeClass:/Script/Bomberman.Wall Name:BP_BaseWall_C_UAID_1C1B0D9DF559B37A01_1294391506 Label:BP_BaseWall12 SpatiallyLoaded:1 Bounds:IsValid=true, Min=(X=100.000 Y=1183.427 Z=0.000), Max=(X=300.000 Y=1416.573 Z=260.000) RuntimeGrid:None EditorOnly:0 RuntimeOnly:0 HLODRelevant:0 FolderPath:Walls FolderGuid:C05929D44DE2856C73CE6F9E148406A1
 |   |   |- [+] [ 25]
 |   |   |   |- Guid:6B17786249C2E6554773CA9B473034BE BaseClass:/Game/Bomberman/Blueprints/BP_BaseWall.BP_BaseWall_C NativeClass:/Script/Bomberman.Wall Name:BP_BaseWall_C_UAID_1C1B0D9DF559B37A01_1298743507 Label:BP_BaseWall13 SpatiallyLoaded:1 Bounds:IsValid=true, Min=(X=100.000 Y=983.427 Z=0.000), Max=(X=300.000 Y=1216.573 Z=260.000) RuntimeGrid:None EditorOnly:0 RuntimeOnly:0 HLODRelevant:0 FolderPath:Walls FolderGuid:C05929D44DE2856C73CE6F9E148406A1
 |   |   |- [+] [ 26]
 |   |   |   |- Guid:BD01C9F24CF4AC624885CE9EE9E50F28 BaseClass:/Game/Bomberman/Blueprints/BP_BaseWall.BP_BaseWall_C NativeClass:/Script/Bomberman.Wall Name:BP_BaseWall_C_UAID_1C1B0D9DF559B37A01_1309027508 Label:BP_BaseWall14 SpatiallyLoaded:1 Bounds:IsValid=true, Min=(X=100.000 Y=783.427 Z=0.000), Max=(X=300.000 Y=1016.573 Z=260.000) RuntimeGrid:None EditorOnly:0 RuntimeOnly:0 HLODRelevant:0 FolderPath:Walls FolderGuid:C05929D44DE2856C73CE6F9E148406A1
 |   |   |- [+] [ 27]
 |   |   |   |- Guid:B1742EFF4C7B72D3FF4144A576C159D9 BaseClass:/Game/Bomberman/Blueprints/BP_BaseWall.BP_BaseWall_C NativeClass:/Script/Bomberman.Wall Name:BP_BaseWall_C_UAID_1C1B0D9DF559B37A01_1316800509 Label:BP_BaseWall15 SpatiallyLoaded:1 Bounds:IsValid=true, Min=(X=100.000 Y=583.427 Z=0.000), Max=(X=300.000 Y=816.573 Z=260.000) RuntimeGrid:None EditorOnly:0 RuntimeOnly:0 HLODRelevant:0 FolderPath:Walls FolderGuid:C05929D44DE2856C73CE6F9E148406A1
 |   |   |- [+] [ 28]
 |   |   |   |- Guid:CEF325364DE2DEA52024CBA33128E9E2 BaseClass:/Game/Bomberman/Blueprints/BP_BaseWall.BP_BaseWall_C NativeClass:/Script/Bomberman.Wall Name:BP_BaseWall_C_UAID_1C1B0D9DF559B37A01_1671322510 Label:BP_BaseWall16 SpatiallyLoaded:1 Bounds:IsValid=true, Min=(X=300.000 Y=3183.427 Z=0.000), Max=(X=500.000 Y=3416.573 Z=260.000) RuntimeGrid:None EditorOnly:0 RuntimeOnly:0 HLODRelevant:0 FolderPath:Walls FolderGuid:C05929D44DE2856C73CE6F9E148406A1
 |   |   |- [+] [ 29]
 |   |   |   |- Guid:3F84C5D64AB53C8DA34AD693F01FA4AC BaseClass:/Game/Bomberman/Blueprints/BP_BaseWall.BP_BaseWall_C NativeClass:/Script/Bomberman.Wall Name:BP_BaseWall_C_UAID_1C1B0D9DF559B37A01_1678265511 Label:BP_BaseWall17 SpatiallyLoaded:1 Bounds:IsValid=true, Min=(X=500.000 Y=3183.427 Z=0.000), Max=(X=700.000 Y=3416.573 Z=260.000) RuntimeGrid:None EditorOnly:0 RuntimeOnly:0 HLODRelevant:0 FolderPath:Walls FolderGuid:C05929D44DE2856C73CE6F9E148406A1
 |   |   |- [+] [ 30]
 |   |   |   |- Guid:F7E5F4C3401DC11FCE0AC2B9117A4C97 BaseClass:/Game/Bomberman/Blueprints/BP_BaseWall.BP_BaseWall_C NativeClass:/Script/Bomberman.Wall Name:BP_BaseWall_C_UAID_1C1B0D9DF559B37A01_1685674512 Label:BP_BaseWall18 SpatiallyLoaded:1 Bounds:IsValid=true, Min=(X=700.000 Y=3183.427 Z=0.000), Max=(X=900.000 Y=3416.573 Z=260.000) RuntimeGrid:None EditorOnly:0 RuntimeOnly:0 HLODRelevant:0 FolderPath:Walls FolderGuid:C05929D44DE2856C73CE6F9E148406A1
 |   |   |- [+] [ 31]
 |   |   |   |- Guid:3A17DEFF47168CB170F5C8AFDCE7C30B BaseClass:/Game/Bomberman/Blueprints/BP_BaseWall.BP_BaseWall_C NativeClass:/Script/Bomberman.Wall Name:BP_BaseWall_C_UAID_1C1B0D9DF559B37A01_1703112513 Label:BP_BaseWall19 SpatiallyLoaded:1 Bounds:IsValid=true, Min=(X=900.000 Y=3183.427 Z=0.000), Max=(X=1100.000 Y=3416.573 Z=260.000) RuntimeGrid:None EditorOnly:0 RuntimeOnly:0 HLODRelevant:0 FolderPath:Walls FolderGuid:C05929D44DE2856C73CE6F9E148406A1
 |   |   |- [+] [ 32]
 |   |   |   |- Guid:2AFF12594F1F3E8C29FFFABC49A6200F BaseClass:/Game/Bomberman/Blueprints/BP_BaseWall.BP_BaseWall_C NativeClass:/Script/Bomberman.Wall Name:BP_BaseWall_C_UAID_1C1B0D9DF559B37A01_1703115514 Label:BP_BaseWall20 SpatiallyLoaded:1 Bounds:IsValid=true, Min=(X=1100.000 Y=3183.427 Z=0.000), Max=(X=1300.000 Y=3416.573 Z=260.000) RuntimeGrid:None EditorOnly:0 RuntimeOnly:0 HLODRelevant:0 FolderPath:Walls FolderGuid:C05929D44DE2856C73CE6F9E148406A1
 |   |   |- [+] [ 33]
 |   |   |   |- Guid:B2C6B15D49B0F8C22964039DC4846D65 BaseClass:/Game/Bomberman/Blueprints/BP_BaseWall.BP_BaseWall_C NativeClass:/Script/Bomberman.Wall Name:BP_BaseWall_C_UAID_1C1B0D9DF559B37A01_1703118515 Label:BP_BaseWall21 SpatiallyLoaded:1 Bounds:IsValid=true, Min=(X=1300.000 Y=3183.427 Z=0.000), Max=(X=1500.000 Y=3416.573 Z=260.000) RuntimeGrid:None EditorOnly:0 RuntimeOnly:0 HLODRelevant:0 FolderPath:Walls FolderGuid:C05929D44DE2856C73CE6F9E148406A1
 |   |   |- [+] [ 34]
 |   |   |   |- Guid:638BE7364031D4952EF9B4AD70014139 BaseClass:/Game/Bomberman/Blueprints/BP_BaseWall.BP_BaseWall_C NativeClass:/Script/Bomberman.Wall Name:BP_BaseWall_C_UAID_1C1B0D9DF559B37A01_1703121516 Label:BP_BaseWall22 SpatiallyLoaded:1 Bounds:IsValid=true, Min=(X=1500.000 Y=3183.427 Z=0.000), Max=(X=1700.000 Y=3416.573 Z=260.000) RuntimeGrid:None EditorOnly:0 RuntimeOnly:0 HLODRelevant:0 FolderPath:Walls FolderGuid:C05929D44DE2856C73CE6F9E148406A1
 |   |   |- [+] [ 35]
 |   |   |   |- Guid:F3600DFA469932AFD6B281AB1F152D5C BaseClass:/Game/Bomberman/Blueprints/BP_BaseWall.BP_BaseWall_C NativeClass:/Script/Bomberman.Wall Name:BP_BaseWall_C_UAID_1C1B0D9DF559B37A01_1715584517 Label:BP_BaseWall23 SpatiallyLoaded:1 Bounds:IsValid=true, Min=(X=1700.000 Y=3183.427 Z=0.000), Max=(X=1900.000 Y=3416.573 Z=260.000) RuntimeGrid:None EditorOnly:0 RuntimeOnly:0 HLODRelevant:0 FolderPath:Walls FolderGuid:C05929D44DE2856C73CE6F9E148406A1
 |   |   |- [+] [ 36]
 |   |   |   |- Guid:E174580A425BD2611E7AD09DC59F776F BaseClass:/Game/Bomberman/Blueprints/BP_BaseWall.BP_BaseWall_C NativeClass:/Script/Bomberman.Wall Name:BP_BaseWall_C_UAID_1C1B0D9DF559B37A01_1715587518 Label:BP_BaseWall24 SpatiallyLoaded:1 Bounds:IsValid=true, Min=(X=1900.000 Y=3183.427 Z=0.000), Max=(X=2100.000 Y=3416.573 Z=260.000) RuntimeGrid:None EditorOnly:0 RuntimeOnly:0 HLODRelevant:0 FolderPath:Walls FolderGuid:C05929D44DE2856C73CE6F9E148406A1
 |   |   |- [+] [ 37]
 |   |   |   |- Guid:CA4F88BA4F2D98D6DC54FCADDC030682 BaseClass:/Game/Bomberman/Blueprints/BP_BaseWall.BP_BaseWall_C NativeClass:/Script/Bomberman.Wall Name:BP_BaseWall_C_UAID_1C1B0D9DF559B37A01_1715589519 Label:BP_BaseWall25 SpatiallyLoaded:1 Bounds:IsValid=true, Min=(X=2100.000 Y=3183.427 Z=0.000), Max=(X=2300.000 Y=3416.573 Z=260.000) RuntimeGrid:None EditorOnly:0 RuntimeOnly:0 HLODRelevant:0 FolderPath:Walls FolderGuid:C05929D44DE2856C73CE6F9E148406A1
 |   |   |- [+] [ 38]
 |   |   |   |- Guid:EEA187BF424EF47C859E8AA23D89D22C BaseClass:/Game/Bomberman/Blueprints/BP_BaseWall.BP_BaseWall_C NativeClass:/Script/Bomberman.Wall Name:BP_BaseWall_C_UAID_1C1B0D9DF559B37A01_1715591520 Label:BP_BaseWall26 SpatiallyLoaded:1 Bounds:IsValid=true, Min=(X=2300.000 Y=3183.427 Z=0.000), Max=(X=2500.000 Y=3416.573 Z=260.000) RuntimeGrid:None EditorOnly:0 RuntimeOnly:0 HLODRelevant:0 FolderPath:Walls FolderGuid:C05929D44DE2856C73CE6F9E148406A1
 |   |   |- [+] [ 39]
 |   |   |   |- Guid:51930C9C4A0D5FB594F6148B0DAC84D4 BaseClass:/Game/Bomberman/Blueprints/BP_BaseWall.BP_BaseWall_C NativeClass:/Script/Bomberman.Wall Name:BP_BaseWall_C_UAID_1C1B0D9DF559B37A01_1726849521 Label:BP_BaseWall27 SpatiallyLoaded:1 Bounds:IsValid=true, Min=(X=2500.000 Y=3183.427 Z=0.000), Max=(X=2700.000 Y=3416.573 Z=260.000) RuntimeGrid:None EditorOnly:0 RuntimeOnly:0 HLODRelevant:0 FolderPath:Walls FolderGuid:C05929D44DE2856C73CE6F9E148406A1
 |- ContainerInstances:
 |- [+] MainContainer:
 |   |-        ID: 0x0000000000000000
 |   |-    Bounds: IsValid=false, Min=(X=0.000 Y=0.000 Z=0.000), Max=(X=0.000 Y=0.000 Z=0.000)
 |   |- Transform: 0.000000,0.000000,0.000000|0.000000,0.000000,-0.000000|1.000000,1.000000,1.000000
 |   |- Container: /Game/Bomberman/Maps/Map0
----------------------------------------------------------------------------------------------------------------
Map0 - Persistent Level
----------------------------------------------------------------------------------------------------------------
Always loaded Actor Count: 47 

----------------------------------------------------------------------------------------------------------------
Map0 - Runtime Spatial Hash - Streaming Grid - MainGrid
----------------------------------------------------------------------------------------------------------------
            Origin: X=0.000 Y=0.000 Z=0.000
         Cell Size: 12800
      World Bounds: IsValid=false, Min=(X=0.000 Y=0.000 Z=0.000), Max=(X=0.000 Y=0.000 Z=0.000)
     Loading Range: 25600.00
Block Slow Loading: No
 ClientOnlyVisible: No

[+] Grid Levels: 1
 |- Level  0: Cell Count    0 | Cell Size   12800 | Actor Count    0 (0.0%)

[+] Content of Grid Level 0

