[+] Containers:
 |- [+] Container: /Game/Bomberman/Maps/Map0
 |   |- [+] ActorDescs:
 |   |   |- Guid:15BABD0841AB00E1DCCAD8801EF93262 BaseClass: NativeClass:/Script/Engine.StaticMeshActor Name:StaticMeshActor_43 Label:SM_Cube6 SpatiallyLoaded:1 Bounds:IsValid=true, Min=(X=2900.000 Y=100.000 Z=0.000), Max=(X=3000.000 Y=3400.000 Z=400.000) RuntimeGrid:None EditorOnly:0 RuntimeOnly:0 HLODRelevant:1 FolderPath:Playground FolderGuid:8CD33C9A4E75AD59B95486AC740693D6
 |   |   |- Guid:2FBA2337438F423DE32A1BB7C358DA3A BaseClass: NativeClass:/Script/Engine.StaticMeshActor Name:StaticMeshActor_42 Label:SM_Cube5 SpatiallyLoaded:1 Bounds:IsValid=true, Min=(X=2020.000 Y=100.000 Z=0.000), Max=(X=2120.000 Y=3400.000 Z=400.000) RuntimeGrid:None EditorOnly:0 RuntimeOnly:0 HLODRelevant:1 FolderPath:Playground FolderGuid:8CD33C9A4E75AD59B95486AC740693D6
 |   |   |- Guid:3EC17C38430B5A6B940A04A19B7F09D7 BaseClass:/Game/Bomberman/Blueprints/BP_BaseWall.BP_BaseWall_C NativeClass:/Script/Bomberman.Wall Name:BP_BaseWall_C_UAID_1C1B0D9DF559B27A01_2011622319 Label:BP_BaseWall SpatiallyLoaded:1 Bounds:IsValid=true, Min=(X=2230.000 Y=2910.000 Z=0.000), Max=(X=2430.000 Y=3090.000 Z=260.000) RuntimeGrid:None EditorOnly:0 RuntimeOnly:0 HLODRelevant:0
 |   |   |- Guid:45BFD66B434AD91281B4F49AABBB57EB BaseClass: NativeClass:/Script/Engine.SkyLight Name:SkyLight_0 Label:SkyLight SpatiallyLoaded:0 Bounds:IsValid=true, Min=(X=1540.000 Y=1660.000 Z=960.000), Max=(X=1540.000 Y=1660.000 Z=960.000) RuntimeGrid:None EditorOnly:0 RuntimeOnly:0 HLODRelevant:0 FolderPath:Lighting FolderGuid:08A10B054C95868C663DE39EE4343813
 |   |   |- Guid:6D0E5FE64F23BED805FD15A864812D0C BaseClass: NativeClass:/Script/Engine.StaticMeshActor Name:StaticMeshActor_37 Label:SM_Cube3 SpatiallyLoaded:1 Bounds:IsValid=true, Min=(X=0.000 Y=3400.000 Z=0.000), Max=(X=3000.000 Y=3500.000 Z=400.000) RuntimeGrid:None EditorOnly:0 RuntimeOnly:0 HLODRelevant:1 FolderPath:Playground FolderGuid:8CD33C9A4E75AD59B95486AC740693D6
 |   |   |- Guid:A1BA8AA14070602574AFA3904D175905 BaseClass: NativeClass:/Script/Engine.StaticMeshActor Name:StaticMeshActor_33 Label:SM_Cube SpatiallyLoaded:1 Bounds:IsValid=true, Min=(X=0.000 Y=0.000 Z=-50.000), Max=(X=3000.000 Y=3500.000 Z=0.000) RuntimeGrid:None EditorOnly:0 RuntimeOnly:0 HLODRelevant:1 FolderPath:Playground FolderGuid:8CD33C9A4E75AD59B95486AC740693D6
 |   |   |- Guid:B3E879AB4F6ECFD3BF11E8BD1442D382 BaseClass: NativeClass:/Script/Engine.CameraActor Name:CameraActor_UAID_1C1B0D9DF559B07A01_2011451967 Label:CameraActor SpatiallyLoaded:1 Bounds:IsValid=true, Min=(X=2500.000 Y=2620.000 Z=1270.000), Max=(X=2500.000 Y=2620.000 Z=1270.000) RuntimeGrid:None EditorOnly:0 RuntimeOnly:0 HLODRelevant:0
 |   |   |- Guid:D0BC1A6C4C7A4895809396951ABB824F BaseClass: NativeClass:/Script/Engine.WorldDataLayers Name:WorldDataLayers Label:WorldDataLayers-1 SpatiallyLoaded:0 Bounds:IsValid=true, Min=(X=0.000 Y=0.000 Z=0.000), Max=(X=0.000 Y=0.000 Z=0.000) RuntimeGrid:None EditorOnly:0 RuntimeOnly:0 HLODRelevant:0
 |   |   |- Guid:D0E1ECCD4E23A19D8719D88940E5CBA8 BaseClass: NativeClass:/Script/Engine.ExponentialHeightFog Name:ExponentialHeightFog_1 Label:ExponentialHeightFog SpatiallyLoaded:0 Bounds:IsValid=true, Min=(X=-5600.000 Y=-50.000 Z=-6850.000), Max=(X=-5600.000 Y=-50.000 Z=-6850.000) RuntimeGrid:None EditorOnly:0 RuntimeOnly:0 HLODRelevant:0 FolderPath:Lighting FolderGuid:08A10B054C95868C663DE39EE4343813
 |   |   |- Guid:D7ED90D343976AFC68F920B70F2E7777 BaseClass:/Game/Bomberman/Blueprints/BP_BombermanPlayer.BP_BombermanPlayer_C NativeClass:/Script/Bomberman.BombermanPlayer Name:BP_BombermanPlayer_C_UAID_1C1B0D9DF559A77A01_1347822383 Label:BP_BombermanPlayer SpatiallyLoaded:1 Bounds:IsValid=true, Min=(X=2428.000 Y=2988.000 Z=0.000), Max=(X=2512.000 Y=3072.000 Z=192.000) RuntimeGrid:None EditorOnly:0 RuntimeOnly:0 HLODRelevant:0
 |   |   |- Guid:E17D5E4E470B009214E4E6A752055E39 BaseClass: NativeClass:/Script/Engine.StaticMeshActor Name:StaticMeshActor_36 Label:SM_Cube2 SpatiallyLoaded:1 Bounds:IsValid=true, Min=(X=0.000 Y=1740.000 Z=0.000), Max=(X=3000.000 Y=1840.000 Z=400.000) RuntimeGrid:None EditorOnly:0 RuntimeOnly:0 HLODRelevant:1 FolderPath:Playground FolderGuid:8CD33C9A4E75AD59B95486AC740693D6
 |   |   |- Guid:E3D223524DFA8DC2DEFD00ABC23A5667 BaseClass: NativeClass:/Script/Engine.StaticMeshActor Name:StaticMeshActor_UAID_A4AE111137DC5EFB00_1594956423 Label:SM_SkySphere SpatiallyLoaded:0 Bounds:IsValid=true, Min=(X=-1638400.000 Y=-1638400.000 Z=-1638400.000), Max=(X=1638400.000 Y=1638400.000 Z=1638400.000) RuntimeGrid:None EditorOnly:0 RuntimeOnly:0 HLODRelevant:1 FolderPath:Lighting FolderGuid:08A10B054C95868C663DE39EE4343813
 |   |   |- Guid:FC22A107498699B12DF104B6B68493D8 BaseClass:/Game/Bomberman/Blueprints/BP_GameManager.BP_GameManager_C NativeClass:/Script/Bomberman.GameManager Name:BP_GameManager_C_UAID_1C1B0D9DF559B27A01_1327114320 Label:BP_GameManager SpatiallyLoaded:1 Bounds:IsValid=true, Min=(X=2120.000 Y=3400.000 Z=0.000), Max=(X=2120.000 Y=3400.000 Z=0.000) RuntimeGrid:None EditorOnly:0 RuntimeOnly:0 HLODRelevant:0
 |   |   |- Guid:FCD6A68E447A839EE45E899029C1D99F BaseClass: NativeClass:/Script/Engine.DirectionalLight Name:DirectionalLight_1 Label:DirectionalLight SpatiallyLoaded:0 Bounds:IsValid=true, Min=(X=-4398046511104.000 Y=-4398046511104.000 Z=-4398046511104.000), Max=(X=4398046511104.000 Y=4398046511104.000 Z=4398046511104.000) RuntimeGrid:None EditorOnly:0 RuntimeOnly:0 HLODRelevant:0 FolderPath:Lighting FolderGuid:08A10B054C95868C663DE39EE4343813
 |   |- [+] Clusters:
 |   |   |- [+] [  0]
 |   |   |   |- Guid:D0BC1A6C4C7A4895809396951ABB824F BaseClass: NativeClass:/Script/Engine.WorldDataLayers Name:WorldDataLayers Label:WorldDataLayers-1 SpatiallyLoaded:0 Bounds:IsValid=true, Min=(X=0.000 Y=0.000 Z=0.000), Max=(X=0.000 Y=0.000 Z=0.000) RuntimeGrid:None EditorOnly:0 RuntimeOnly:0 HLODRelevant:0
 |   |   |- [+] [  1]
 |   |   |   |- Guid:D0E1ECCD4E23A19D8719D88940E5CBA8 BaseClass: NativeClass:/Script/Engine.ExponentialHeightFog Name:ExponentialHeightFog_1 Label:ExponentialHeightFog SpatiallyLoaded:0 Bounds:IsValid=true, Min=(X=-5600.000 Y=-50.000 Z=-6850.000), Max=(X=-5600.000 Y=-50.000 Z=-6850.000) RuntimeGrid:None EditorOnly:0 RuntimeOnly:0 HLODRelevant:0 FolderPath:Lighting FolderGuid:08A10B054C95868C663DE39EE4343813
 |   |   |- [+] [  2]
 |   |   |   |- Guid:E17D5E4E470B009214E4E6A752055E39 BaseClass: NativeClass:/Script/Engine.StaticMeshActor Name:StaticMeshActor_36 Label:SM_Cube2 SpatiallyLoaded:1 Bounds:IsValid=true, Min=(X=0.000 Y=1740.000 Z=0.000), Max=(X=3000.000 Y=1840.000 Z=400.000) RuntimeGrid:None EditorOnly:0 RuntimeOnly:0 HLODRelevant:1 FolderPath:Playground FolderGuid:8CD33C9A4E75AD59B95486AC740693D6
 |   |   |- [+] [  3]
 |   |   |   |- Guid:6D0E5FE64F23BED805FD15A864812D0C BaseClass: NativeClass:/Script/Engine.StaticMeshActor Name:StaticMeshActor_37 Label:SM_Cube3 SpatiallyLoaded:1 Bounds:IsValid=true, Min=(X=0.000 Y=3400.000 Z=0.000), Max=(X=3000.000 Y=3500.000 Z=400.000) RuntimeGrid:None EditorOnly:0 RuntimeOnly:0 HLODRelevant:1 FolderPath:Playground FolderGuid:8CD33C9A4E75AD59B95486AC740693D6
 |   |   |- [+] [  4]
 |   |   |   |- Guid:2FBA2337438F423DE32A1BB7C358DA3A BaseClass: NativeClass:/Script/Engine.StaticMeshActor Name:StaticMeshActor_42 Label:SM_Cube5 SpatiallyLoaded:1 Bounds:IsValid=true, Min=(X=2020.000 Y=100.000 Z=0.000), Max=(X=2120.000 Y=3400.000 Z=400.000) RuntimeGrid:None EditorOnly:0 RuntimeOnly:0 HLODRelevant:1 FolderPath:Playground FolderGuid:8CD33C9A4E75AD59B95486AC740693D6
 |   |   |- [+] [  5]
 |   |   |   |- Guid:E3D223524DFA8DC2DEFD00ABC23A5667 BaseClass: NativeClass:/Script/Engine.StaticMeshActor Name:StaticMeshActor_UAID_A4AE111137DC5EFB00_1594956423 Label:SM_SkySphere SpatiallyLoaded:0 Bounds:IsValid=true, Min=(X=-1638400.000 Y=-1638400.000 Z=-1638400.000), Max=(X=1638400.000 Y=1638400.000 Z=1638400.000) RuntimeGrid:None EditorOnly:0 RuntimeOnly:0 HLODRelevant:1 FolderPath:Lighting FolderGuid:08A10B054C95868C663DE39EE4343813
 |   |   |- [+] [  6]
 |   |   |   |- Guid:B3E879AB4F6ECFD3BF11E8BD1442D382 BaseClass: NativeClass:/Script/Engine.CameraActor Name:CameraActor_UAID_1C1B0D9DF559B07A01_2011451967 Label:CameraActor SpatiallyLoaded:1 Bounds:IsValid=true, Min=(X=2500.000 Y=2620.000 Z=1270.000), Max=(X=2500.000 Y=2620.000 Z=1270.000) RuntimeGrid:None EditorOnly:0 RuntimeOnly:0 HLODRelevant:0
 |   |   |- [+] [  7]
 |   |   |   |- Guid:45BFD66B434AD91281B4F49AABBB57EB BaseClass: NativeClass:/Script/Engine.SkyLight Name:SkyLight_0 Label:SkyLight SpatiallyLoaded:0 Bounds:IsValid=true, Min=(X=1540.000 Y=1660.000 Z=960.000), Max=(X=1540.000 Y=1660.000 Z=960.000) RuntimeGrid:None EditorOnly:0 RuntimeOnly:0 HLODRelevant:0 FolderPath:Lighting FolderGuid:08A10B054C95868C663DE39EE4343813
 |   |   |- [+] [  8]
 |   |   |   |- Guid:15BABD0841AB00E1DCCAD8801EF93262 BaseClass: NativeClass:/Script/Engine.StaticMeshActor Name:StaticMeshActor_43 Label:SM_Cube6 SpatiallyLoaded:1 Bounds:IsValid=true, Min=(X=2900.000 Y=100.000 Z=0.000), Max=(X=3000.000 Y=3400.000 Z=400.000) RuntimeGrid:None EditorOnly:0 RuntimeOnly:0 HLODRelevant:1 FolderPath:Playground FolderGuid:8CD33C9A4E75AD59B95486AC740693D6
 |   |   |- [+] [  9]
 |   |   |   |- Guid:A1BA8AA14070602574AFA3904D175905 BaseClass: NativeClass:/Script/Engine.StaticMeshActor Name:StaticMeshActor_33 Label:SM_Cube SpatiallyLoaded:1 Bounds:IsValid=true, Min=(X=0.000 Y=0.000 Z=-50.000), Max=(X=3000.000 Y=3500.000 Z=0.000) RuntimeGrid:None EditorOnly:0 RuntimeOnly:0 HLODRelevant:1 FolderPath:Playground FolderGuid:8CD33C9A4E75AD59B95486AC740693D6
 |   |   |- [+] [ 10]
 |   |   |   |- Guid:FCD6A68E447A839EE45E899029C1D99F BaseClass: NativeClass:/Script/Engine.DirectionalLight Name:DirectionalLight_1 Label:DirectionalLight SpatiallyLoaded:0 Bounds:IsValid=true, Min=(X=-4398046511104.000 Y=-4398046511104.000 Z=-4398046511104.000), Max=(X=4398046511104.000 Y=4398046511104.000 Z=4398046511104.000) RuntimeGrid:None EditorOnly:0 RuntimeOnly:0 HLODRelevant:0 FolderPath:Lighting FolderGuid:08A10B054C95868C663DE39EE4343813
 |   |   |- [+] [ 11]
 |   |   |   |- Guid:FC22A107498699B12DF104B6B68493D8 BaseClass:/Game/Bomberman/Blueprints/BP_GameManager.BP_GameManager_C NativeClass:/Script/Bomberman.GameManager Name:BP_GameManager_C_UAID_1C1B0D9DF559B27A01_1327114320 Label:BP_GameManager SpatiallyLoaded:1 Bounds:IsValid=true, Min=(X=2120.000 Y=3400.000 Z=0.000), Max=(X=2120.000 Y=3400.000 Z=0.000) RuntimeGrid:None EditorOnly:0 RuntimeOnly:0 HLODRelevant:0
 |   |   |- [+] [ 12]
 |   |   |   |- Guid:D7ED90D343976AFC68F920B70F2E7777 BaseClass:/Game/Bomberman/Blueprints/BP_BombermanPlayer.BP_BombermanPlayer_C NativeClass:/Script/Bomberman.BombermanPlayer Name:BP_BombermanPlayer_C_UAID_1C1B0D9DF559A77A01_1347822383 Label:BP_BombermanPlayer SpatiallyLoaded:1 Bounds:IsValid=true, Min=(X=2428.000 Y=2988.000 Z=0.000), Max=(X=2512.000 Y=3072.000 Z=192.000) RuntimeGrid:None EditorOnly:0 RuntimeOnly:0 HLODRelevant:0
 |   |   |- [+] [ 13]
 |   |   |   |- Guid:3EC17C38430B5A6B940A04A19B7F09D7 BaseClass:/Game/Bomberman/Blueprints/BP_BaseWall.BP_BaseWall_C NativeClass:/Script/Bomberman.Wall Name:BP_BaseWall_C_UAID_1C1B0D9DF559B27A01_2011622319 Label:BP_BaseWall SpatiallyLoaded:1 Bounds:IsValid=true, Min=(X=2230.000 Y=2910.000 Z=0.000), Max=(X=2430.000 Y=3090.000 Z=260.000) RuntimeGrid:None EditorOnly:0 RuntimeOnly:0 HLODRelevant:0
 |- ContainerInstances:
 |- [+] MainContainer:
 |   |-        ID: 0x0000000000000000
 |   |-    Bounds: IsValid=false, Min=(X=0.000 Y=0.000 Z=0.000), Max=(X=0.000 Y=0.000 Z=0.000)
 |   |- Transform: 0.000000,0.000000,0.000000|0.000000,0.000000,-0.000000|1.000000,1.000000,1.000000
 |   |- Container: /Game/Bomberman/Maps/Map0
----------------------------------------------------------------------------------------------------------------
Map0 - Persistent Level
----------------------------------------------------------------------------------------------------------------
Always loaded Actor Count: 22 

----------------------------------------------------------------------------------------------------------------
Map0 - Runtime Spatial Hash - Streaming Grid - MainGrid
----------------------------------------------------------------------------------------------------------------
            Origin: X=0.000 Y=0.000 Z=0.000
         Cell Size: 12800
      World Bounds: IsValid=false, Min=(X=0.000 Y=0.000 Z=0.000), Max=(X=0.000 Y=0.000 Z=0.000)
     Loading Range: 25600.00
Block Slow Loading: No
 ClientOnlyVisible: No

[+] Grid Levels: 1
 |- Level  0: Cell Count    0 | Cell Size   12800 | Actor Count    0 (0.0%)

[+] Content of Grid Level 0

